INFO-FLOW: Workspace E:/xilinx/CS239/DFT/dft_8_precomputed/hls/solution1 opened at Tue Feb 02 16:36:56 +0800 2021
Execute     config_clock -quiet -name default -period 10 -default=false 
INFO: [SYN 201-201] Setting up clock 'default' with a period of 10ns.
Execute     open_platform DefaultPlatform 
Execute     import_lib D:/xilinx/Vivado/2020.1/common/technology/xilinx/zynq/zynq 
Execute       source D:/xilinx/Vivado/2020.1/common/technology/xilinx/common/xilinx.lib 
Execute         source D:/xilinx/Vivado/2020.1/common/technology/xilinx/interface/xilinx_interface.lib 
Execute           source D:/xilinx/Vivado/2020.1/common/technology/xilinx/interface/plb46.lib 
Execute           source D:/xilinx/Vivado/2020.1/common/technology/xilinx/interface/fsl.lib 
Execute           source D:/xilinx/Vivado/2020.1/common/technology/xilinx/interface/axi4.lib 
Execute           source D:/xilinx/Vivado/2020.1/common/technology/xilinx/interface/maxi.lib 
Execute           source D:/xilinx/Vivado/2020.1/common/technology/xilinx/interface/saxilite.lib 
Execute         source D:/xilinx/Vivado/2020.1/common/technology/xilinx/common/dsp48.lib 
Execute         source D:/xilinx/Vivado/2020.1/common/technology/xilinx/ip/dds_compiler.lib 
Execute         source D:/xilinx/Vivado/2020.1/common/technology/xilinx/ip/xfft.lib 
Execute         source D:/xilinx/Vivado/2020.1/common/technology/xilinx/ip/xfir.lib 
Execute       source D:/xilinx/Vivado/2020.1/common/technology/xilinx/common/xilinx.hlp 
Execute         source D:/xilinx/Vivado/2020.1/common/technology/xilinx/common/target_info.tcl 
Execute         source D:/xilinx/Vivado/2020.1/common/technology/xilinx/interface/xilinx_interface.hlp 
Execute           source D:/xilinx/Vivado/2020.1/common/technology/xilinx/interface/maxi.hlp 
Execute           source D:/xilinx/Vivado/2020.1/common/technology/xilinx/interface/saxilite.hlp 
Execute         source D:/xilinx/Vivado/2020.1/common/technology/xilinx/common/dsp48.hlp 
Execute       source D:/xilinx/Vivado/2020.1/common/technology/xilinx/zynq/dsp48e1.hlp 
Execute       source D:/xilinx/Vivado/2020.1/common/technology/xilinx/common/xilinx.hlp 
Execute         source D:/xilinx/Vivado/2020.1/common/technology/xilinx/common/target_info.tcl 
Execute         source D:/xilinx/Vivado/2020.1/common/technology/xilinx/interface/xilinx_interface.hlp 
Execute           source D:/xilinx/Vivado/2020.1/common/technology/xilinx/interface/maxi.hlp 
Execute           source D:/xilinx/Vivado/2020.1/common/technology/xilinx/interface/saxilite.hlp 
Execute         source D:/xilinx/Vivado/2020.1/common/technology/xilinx/common/dsp48.hlp 
Execute     source D:/xilinx/Vivado/2020.1/common/technology/xilinx/zynq/zynq.gen 
Execute       source D:/xilinx/Vivado/2020.1/common/technology/xilinx/common/xilinx.gen 
Execute         source D:/xilinx/Vivado/2020.1/common/technology/xilinx/interface/plb46.gen 
Execute         source D:/xilinx/Vivado/2020.1/common/technology/xilinx/interface/fsl.gen 
Execute         source D:/xilinx/Vivado/2020.1/common/technology/xilinx/interface/axi4.gen 
Execute         source D:/xilinx/Vivado/2020.1/common/technology/xilinx/interface/nativeAXI4.gen 
Execute           source D:/xilinx/Vivado/2020.1/common/technology/xilinx/interface/saxilite.gen 
Execute           source D:/xilinx/Vivado/2020.1/common/technology/xilinx/interface/maxi.gen 
Execute         source D:/xilinx/Vivado/2020.1/common/technology/xilinx/scripts/xilinxcoregen.gen 
Execute         source D:/xilinx/Vivado/2020.1/common/technology/xilinx/interface/XilEDKCoreGen.gen 
Execute         source D:/xilinx/Vivado/2020.1/common/technology/xilinx/ip/dds_compiler.gen 
Execute         source D:/xilinx/Vivado/2020.1/common/technology/xilinx/ip/util.gen 
Execute         source D:/xilinx/Vivado/2020.1/common/technology/xilinx/ip/xfft.gen 
Execute         source D:/xilinx/Vivado/2020.1/common/technology/xilinx/ip/xfir.gen 
Execute         source D:/xilinx/Vivado/2020.1/common/technology/xilinx/common/dsp48.gen 
Command       ap_source done; 0.154 sec.
Command     ap_source done; 0.154 sec.
Execute     open_platform DefaultPlatform 
Execute     import_lib D:/xilinx/Vivado/2020.1/common/technology/xilinx/zynq/zynq_fpv6 
Execute       source D:/xilinx/Vivado/2020.1/common/technology/xilinx/common/xilinx_fp.lib 
Execute       source D:/xilinx/Vivado/2020.1/common/technology/xilinx/common/xilinx_fp.hlp 
Execute         source D:/xilinx/Vivado/2020.1/common/technology/xilinx/common/xilinx.hlp 
Execute           source D:/xilinx/Vivado/2020.1/common/technology/xilinx/common/target_info.tcl 
Execute           source D:/xilinx/Vivado/2020.1/common/technology/xilinx/interface/xilinx_interface.hlp 
Execute             source D:/xilinx/Vivado/2020.1/common/technology/xilinx/interface/maxi.hlp 
Execute             source D:/xilinx/Vivado/2020.1/common/technology/xilinx/interface/saxilite.hlp 
Execute           source D:/xilinx/Vivado/2020.1/common/technology/xilinx/common/dsp48.hlp 
Execute     source D:/xilinx/Vivado/2020.1/common/technology/xilinx/zynq/zynq_fpv6.gen 
Execute       source D:/xilinx/Vivado/2020.1/common/technology/xilinx/common/xilinx_fp.gen 
Execute     set_part xc7z020-clg484-1 
Execute       ap_part_info -name xc7z020-clg484-1 -data single -quiet 
Command       ap_part_info done; 1.039 sec.
Execute       ap_part_info -name xc7z020-clg484-1 -data info 
Execute       add_library xilinx/zynq/zynq:xc7z020:-clg484:-1 
Execute         get_default_platform 
Execute         ap_part_info -data single -name xc7z020-clg484-1 
Execute         ap_part_info -name xc7z020-clg484-1 -data resources 
Execute         ap_part_info -name xc7z020-clg484-1 -data info 
Execute         ap_part_info -name xc7z020-clg484-1 -data info 
Execute         config_chip_info -quiet -resource {SLICE 13300} {LUT 53200} {FF 106400} {DSP48E 220} {BRAM 280} {URAM 0} 
Execute         ap_part_info -name xc7z020-clg484-1 -data info 
Execute         config_chip_info -quiet -speed slow 
Execute       add_library xilinx/zynq/zynq_fpv6 
Execute         get_default_platform 
INFO: [HLS 200-10] Setting target device to 'xc7z020-clg484-1'
Execute       ap_part_info -name xc7z020-clg484-1 -data info 
Execute       get_default_platform 
Command     set_part done; 1.31 sec.
Execute     ap_part_info -data single -name xc7z020-clg484-1 
Execute     ap_part_info -name xc7z020-clg484-1 -data resources 
Execute     ap_part_info -name xc7z020-clg484-1 -data info 
Execute     ap_part_info -name xc7z020-clg484-1 -data info 
Execute     config_chip_info -quiet -resource {SLICE 13300} {LUT 53200} {FF 106400} {DSP48E 220} {BRAM 280} {URAM 0} 
Execute     ap_part_info -name xc7z020-clg484-1 -data info 
Execute     config_chip_info -quiet -speed slow 
Command   open_solution done; 1.597 sec.
Execute   set_part xc7z020-clg484-1 
Execute     ap_part_info -name xc7z020-clg484-1 -data single -quiet 
Execute     ap_part_info -name xc7z020-clg484-1 -data info 
Execute     add_library xilinx/zynq/zynq:xc7z020:-clg484:-1 
Execute       get_default_platform 
Execute       ap_part_info -data single -name xc7z020-clg484-1 
Execute       ap_part_info -name xc7z020-clg484-1 -data resources 
Execute       ap_part_info -name xc7z020-clg484-1 -data info 
Execute       ap_part_info -name xc7z020-clg484-1 -data info 
Execute       config_chip_info -quiet -resource {SLICE 13300} {LUT 53200} {FF 106400} {DSP48E 220} {BRAM 280} {URAM 0} 
Execute       ap_part_info -name xc7z020-clg484-1 -data info 
Execute       config_chip_info -quiet -speed slow 
Execute     add_library xilinx/zynq/zynq_fpv6 
Execute       get_default_platform 
Execute     ap_part_info -name xc7z020-clg484-1 -data info 
Execute     get_default_platform 
Command   set_part done; 0.206 sec.
Execute   create_clock -period 10 -name default 
Execute   csynth_design 
Execute     get_config_compile -dump_cfg 
Execute     get_config_compile -effort 
Execute     get_config_compile -enable_clang39 
Execute     get_config_compile -g 
Execute     get_config_compile -ng 
Execute     get_config_compile -opt_fp 
Execute     get_config_compile -skip_cdt 
Execute     get_config_compile -skip_syncheck 
Execute     get_config_compile -skip_transform 
Execute     get_config_compile -keep_printf 
Execute     elaborate -effort=medium -skip_syncheck=0 -keep_printf=0 -skip_cdt=0 -skip_transform=0 -ng=0 -g=0 -opt_fp=0 -from_csynth_design=1 
Execute       get_config_schedule -relax_ii_for_timing 
INFO: [SCHED 204-61] Option 'relax_ii_for_timing' is enabled, will increase II to preserve clock frequency constraints.
Execute       get_config_schedule -suppress_dependence_error_break 
INFO: [HLS 200-10] Analyzing design file 'dft.cpp' ... 
INFO-FLOW: Compiling one TU...
Execute       is_m_axi_addr64 
INFO-FLOW: Handling dft.cpp as C++
Execute       ap_part_info -name xc7z020-clg484-1 -data info 
Execute       is_encrypted dft.cpp 
Execute       ap_part_info -name xc7z020-clg484-1 -data info 
INFO-FLOW: Running: GCC PP
INFO-FLOW: Source preprocessing
Execute       clang  -fno-limit-debug-info -gcc-toolchain "D:/xilinx/Vivado/2020.1/msys" -hls  -fno-exceptions  -D__llvm__  -E "dft.cpp"     -fno-math-errno -c -emit-llvm -O0  -mllvm -disable-llvm-optzns -fno-threadsafe-statics  -fno-use-cxa-atexit  -fno-threadsafe-statics -fno-use-cxa-atexit -D__CLANG_3_1__ -D__cdecl= -DAESL_SYN -D__SYNTHESIS__ -D__HLS_SYN__ -I "D:/xilinx/Vivado/2020.1/common/technology/autopilot" -I "D:/xilinx/Vivado/2020.1/common/technology/autopilot/ap_sysc" -include etc/autopilot_ssdm_op.h -D__DSP48E1__  -o "E:/xilinx/CS239/DFT/dft_8_precomputed/hls/solution1/.autopilot/db/dft.pp.0.cpp" 
INFO-FLOW: exec D:/xilinx/Vivado/2020.1/win64/tools/clang/bin/clang -fno-limit-debug-info -gcc-toolchain D:/xilinx/Vivado/2020.1/msys -hls -fno-exceptions -D__llvm__ -E dft.cpp -fno-math-errno -c -emit-llvm -O0 -mllvm -disable-llvm-optzns -fno-threadsafe-statics -fno-use-cxa-atexit -fno-threadsafe-statics -fno-use-cxa-atexit -D__CLANG_3_1__ -D__cdecl= -DAESL_SYN -D__SYNTHESIS__ -D__HLS_SYN__ -I D:/xilinx/Vivado/2020.1/common/technology/autopilot -I D:/xilinx/Vivado/2020.1/common/technology/autopilot/ap_sysc -include etc/autopilot_ssdm_op.h -D__DSP48E1__ -o E:/xilinx/CS239/DFT/dft_8_precomputed/hls/solution1/.autopilot/db/dft.pp.0.cpp
Command       clang done; 1.413 sec.
Execute       tidy_31 xilinx-xfmat-array-geometry E:/xilinx/CS239/DFT/dft_8_precomputed/hls/solution1/.autopilot/db/dft.pp.0.cpp std=gnu++98 
INFO-FLOW: exec D:/xilinx/Vivado/2020.1/win64/tools/clang-3.9-csynth/bin/tidy-3.1 -header-filter=.* -checks=-*,xilinx-xfmat-array-geometry -quiet -fix E:/xilinx/CS239/DFT/dft_8_precomputed/hls/solution1/.autopilot/db/dft.pp.0.cpp -- -std=gnu++98 -fhls -ferror-limit=0
INFO-FLOW: Syntax Checking before pre-processing...
Execute       clang -syntaxcheck -src E:/xilinx/CS239/DFT/dft_8_precomputed/hls/solution1/.autopilot/db/dft.pp.0.cpp  -fno-limit-debug-info -gcc-toolchain "D:/xilinx/Vivado/2020.1/msys" -hls    -fno-math-errno -c -emit-llvm -O0  -mllvm -disable-llvm-optzns -fno-threadsafe-statics  -fno-use-cxa-atexit  -fno-threadsafe-statics -fno-use-cxa-atexit -D__CLANG_3_1__ -D__cdecl= -DAESL_SYN -D__SYNTHESIS__ -D__HLS_SYN__ -I "D:/xilinx/Vivado/2020.1/common/technology/autopilot" -I "D:/xilinx/Vivado/2020.1/common/technology/autopilot/ap_sysc" -include etc/autopilot_ssdm_op.h -D__DSP48E1__  "E:/xilinx/CS239/DFT/dft_8_precomputed/hls/solution1/.autopilot/db/dft.pp.0.cpp"  -o "E:/xilinx/CS239/DFT/dft_8_precomputed/hls/solution1/.autopilot/db/useless.bc"  
INFO-FLOW: exec D:/xilinx/Vivado/2020.1/win64/tools/clang/bin/clang -fno-limit-debug-info -gcc-toolchain D:/xilinx/Vivado/2020.1/msys -hls -fno-math-errno -c -emit-llvm -O0 -mllvm -disable-llvm-optzns -fno-threadsafe-statics -fno-use-cxa-atexit -fno-threadsafe-statics -fno-use-cxa-atexit -D__CLANG_3_1__ -D__cdecl= -DAESL_SYN -D__SYNTHESIS__ -D__HLS_SYN__ -I D:/xilinx/Vivado/2020.1/common/technology/autopilot -I D:/xilinx/Vivado/2020.1/common/technology/autopilot/ap_sysc -include etc/autopilot_ssdm_op.h -D__DSP48E1__ E:/xilinx/CS239/DFT/dft_8_precomputed/hls/solution1/.autopilot/db/dft.pp.0.cpp -o E:/xilinx/CS239/DFT/dft_8_precomputed/hls/solution1/.autopilot/db/useless.bc
Command       clang done; 1.354 sec.
INFO-FLOW: Done: GCC PP time: 2.8 seconds per iteration
Execute       source D:/xilinx/Vivado/2020.1/tps/tcl/tcllib1.11.1/yaml/huddle.tcl 
Execute       source D:/xilinx/Vivado/2020.1/tps/tcl/tcllib1.11.1/yaml/json2huddle.tcl 
Execute         source D:/xilinx/Vivado/2020.1/tps/tcl/tcllib1.11.1/try/try.tcl 
Execute       list_core -type functional_unit 
Execute       tidy_31 xilinx-systemc-detector E:/xilinx/CS239/DFT/dft_8_precomputed/hls/solution1/.autopilot/db/dft.pp.0.cpp std=gnu++98 -directive=E:/xilinx/CS239/DFT/dft_8_precomputed/hls/solution1/.autopilot/db/.systemc_flag 
INFO-FLOW: exec D:/xilinx/Vivado/2020.1/win64/tools/clang-3.9-csynth/bin/tidy-3.1 -header-filter=.* -checks=-*,xilinx-systemc-detector -import-directive=E:/xilinx/CS239/DFT/dft_8_precomputed/hls/solution1/.autopilot/db/.systemc_flag -quiet -fix-errors E:/xilinx/CS239/DFT/dft_8_precomputed/hls/solution1/.autopilot/db/dft.pp.0.cpp -- -std=gnu++98 -fhls -ferror-limit=0
INFO-FLOW: Running: tidy-3.1 CDT preprocess
Execute       tidy_31 xilinx-directive2pragma E:/xilinx/CS239/DFT/dft_8_precomputed/hls/solution1/.autopilot/db/dft.pp.0.cpp std=gnu++98 -directive=E:/xilinx/CS239/DFT/dft_8_precomputed/hls/solution1/.autopilot/db/all.directive.json 
INFO-FLOW: exec D:/xilinx/Vivado/2020.1/win64/tools/clang-3.9-csynth/bin/tidy-3.1 -header-filter=.* -checks=-*,xilinx-directive2pragma -import-directive=E:/xilinx/CS239/DFT/dft_8_precomputed/hls/solution1/.autopilot/db/all.directive.json -quiet -fix-errors E:/xilinx/CS239/DFT/dft_8_precomputed/hls/solution1/.autopilot/db/dft.pp.0.cpp -- -std=gnu++98 -fhls -ferror-limit=0
Execute       get_config_dataflow -strict_mode 
Execute       ap_eval exec -ignorestderr D:/xilinx/Vivado/2020.1/win64/tools/clang-3.9-csynth/bin/xilinx-dataflow-lawyer -export-fixes=E:/xilinx/CS239/DFT/dft_8_precomputed/hls/solution1/.autopilot/db/xilinx-dataflow-lawyer.dft.pp.0.cpp.diag.yml E:/xilinx/CS239/DFT/dft_8_precomputed/hls/solution1/.autopilot/db/dft.pp.0.cpp -- -std=gnu++98 -fhls -ferror-limit=0 -fstrict-dataflow > E:/xilinx/CS239/DFT/dft_8_precomputed/hls/solution1/.autopilot/db/xilinx-dataflow-lawyer.dft.pp.0.cpp.out.log 2> E:/xilinx/CS239/DFT/dft_8_precomputed/hls/solution1/.autopilot/db/xilinx-dataflow-lawyer.dft.pp.0.cpp.err.log 
Execute       tidy_31 -errorcheck xilinx-constantarray-param,xilinx-resource-pragma-transformer,xilinx-xfmat-array-geometry E:/xilinx/CS239/DFT/dft_8_precomputed/hls/solution1/.autopilot/db/dft.pp.0.cpp std=gnu++98 
Execute         ap_eval exec -ignorestderr D:/xilinx/Vivado/2020.1/win64/tools/clang-3.9-csynth/bin/tidy-3.1 -export-fixes=E:/xilinx/CS239/DFT/dft_8_precomputed/hls/solution1/.autopilot/db/tidy-3.1.dft.pp.0.cpp.diag.yml -header-filter=.* -checks=-*,xilinx-constantarray-param,xilinx-resource-pragma-transformer,xilinx-xfmat-array-geometry -quiet -fix-errors E:/xilinx/CS239/DFT/dft_8_precomputed/hls/solution1/.autopilot/db/dft.pp.0.cpp -- -std=gnu++98 -fhls -ferror-limit=0 > E:/xilinx/CS239/DFT/dft_8_precomputed/hls/solution1/.autopilot/db/tidy-3.1.dft.pp.0.cpp.out.log 2> E:/xilinx/CS239/DFT/dft_8_precomputed/hls/solution1/.autopilot/db/tidy-3.1.dft.pp.0.cpp.err.log 
Execute         source D:/xilinx/Vivado/2020.1/tps/tcl/tcllib1.11.1/yaml/yaml.tcl 
Execute           source D:/xilinx/Vivado/2020.1/tps/tcl/tcllib1.11.1/cmdline/cmdline.tcl 
Execute         ap_eval exec -ignorestderr D:/xilinx/Vivado/2020.1/win64/tools/clang-3.9-csynth/bin/xilinx-legacy-rewriter E:/xilinx/CS239/DFT/dft_8_precomputed/hls/solution1/.autopilot/db/dft.pp.0.cpp -- -std=gnu++98 -fhls -ferror-limit=0 > E:/xilinx/CS239/DFT/dft_8_precomputed/hls/solution1/.autopilot/db/xilinx-legacy-rewriter.dft.pp.0.cpp.out.log 2> E:/xilinx/CS239/DFT/dft_8_precomputed/hls/solution1/.autopilot/db/xilinx-legacy-rewriter.dft.pp.0.cpp.err.log 
Command       tidy_31 done; 0.174 sec.
INFO-FLOW: Done: tidy-3.1 CDT preprocess time: 0.3 seconds per iteration
INFO-FLOW: Pragma Handling...
Execute       tidy_31 xilinx-ssdm-intrinsics-arguments E:/xilinx/CS239/DFT/dft_8_precomputed/hls/solution1/.autopilot/db/dft.pragma.1.cpp std=gnu++98 
INFO-FLOW: exec D:/xilinx/Vivado/2020.1/win64/tools/clang-3.9-csynth/bin/tidy-3.1 -header-filter=.* -checks=-*,xilinx-ssdm-intrinsics-arguments -quiet -fix-errors E:/xilinx/CS239/DFT/dft_8_precomputed/hls/solution1/.autopilot/db/dft.pragma.1.cpp -- -std=gnu++98 -fhls -ferror-limit=0
Execute       ap_part_info -name xc7z020-clg484-1 -data info 
INFO-FLOW: Processing labels
Execute       clang -src E:/xilinx/CS239/DFT/dft_8_precomputed/hls/solution1/.autopilot/db/dft.pragma.2.cpp  -fno-limit-debug-info -gcc-toolchain D:/xilinx/Vivado/2020.1/msys -hls -hls-analyze-label -hls-analyze-pragma -fno-exceptions  -D__llvm__  -w  "E:/xilinx/CS239/DFT/dft_8_precomputed/hls/solution1/.autopilot/db/dft.pragma.2.cpp"    -fno-math-errno -c -emit-llvm -O0  -mllvm -disable-llvm-optzns -fno-threadsafe-statics  -fno-use-cxa-atexit -DAESL_SYN -D__SYNTHESIS__ -D__HLS_SYN__ -I "D:/xilinx/Vivado/2020.1/common/technology/autopilot" -I "D:/xilinx/Vivado/2020.1/common/technology/autopilot/ap_sysc" -include etc/autopilot_ssdm_op.h -D__DSP48E1__ -g -o "E:/xilinx/CS239/DFT/dft_8_precomputed/hls/solution1/.autopilot/db/dft.bc" 
INFO-FLOW: exec D:/xilinx/Vivado/2020.1/win64/tools/clang/bin/clang -fno-limit-debug-info -gcc-toolchain D:/xilinx/Vivado/2020.1/msys -hls -hls-analyze-label -hls-analyze-pragma -fno-exceptions -D__llvm__ -w E:/xilinx/CS239/DFT/dft_8_precomputed/hls/solution1/.autopilot/db/dft.pragma.2.cpp -fno-math-errno -c -emit-llvm -O0 -mllvm -disable-llvm-optzns -fno-threadsafe-statics -fno-use-cxa-atexit -DAESL_SYN -D__SYNTHESIS__ -D__HLS_SYN__ -I D:/xilinx/Vivado/2020.1/common/technology/autopilot -I D:/xilinx/Vivado/2020.1/common/technology/autopilot/ap_sysc -include etc/autopilot_ssdm_op.h -D__DSP48E1__ -g -o E:/xilinx/CS239/DFT/dft_8_precomputed/hls/solution1/.autopilot/db/dft.bc
Command       clang done; 1.35 sec.
INFO-FLOW: Linking Debug ...
Execute       llvm-ld E:/xilinx/CS239/DFT/dft_8_precomputed/hls/solution1/.autopilot/db/dft.g.bc -hls-opt -except-internalize dft -LD:/xilinx/Vivado/2020.1/win64/lib -lhlsm -lhlsmc++ -o E:/xilinx/CS239/DFT/dft_8_precomputed/hls/solution1/.autopilot/db/a.g 
Command       llvm-ld done; 1.033 sec.
INFO: [HLS 200-111] Finished Linking Time (s): cpu = 00:00:04 ; elapsed = 00:00:08 . Memory (MB): peak = 955.105 ; gain = 862.172
INFO: [HLS 200-111] Finished Checking Pragmas Time (s): cpu = 00:00:04 ; elapsed = 00:00:08 . Memory (MB): peak = 955.105 ; gain = 862.172
Execute       get_config_sdx -target 
Execute       opt_and_import_c a -opt_level=2 -skip_syncheck=0 -ng=0 -keep_printf=0 
Execute         cleanup_all_models 
INFO: [HLS 200-10] Starting code transformations ...
Execute         transform -promote-dbg-pointer E:/xilinx/CS239/DFT/dft_8_precomputed/hls/solution1/.autopilot/db/a.pp.bc -o E:/xilinx/CS239/DFT/dft_8_precomputed/hls/solution1/.autopilot/db/a.pp.0.bc -f 
Execute         llvm-ld E:/xilinx/CS239/DFT/dft_8_precomputed/hls/solution1/.autopilot/db/a.pp.0.bc -disable-opt -LD:/xilinx/Vivado/2020.1/win64/lib -lfloatconversion -o E:/xilinx/CS239/DFT/dft_8_precomputed/hls/solution1/.autopilot/db/a.g.0 
Command         llvm-ld done; 0.687 sec.
INFO-FLOW: Running Standard Transforms...
Execute         transform -hls -share-std-xform -demangle-name -inline-byval-memcpy -always-inline -stream-depth-lower -promote-dbg-pointer -interface-preproc -mem2reg -scalarrepl -mem2reg -keep-read-access -instcombine -dce -promote-dbg-pointer -bitop-raise -loop-simplify -indvarspre -indvars -loop-simplify -xunroll -constprop -instcombine -simplifycfg -indvars -simplifycfg -dce -globaldce -basicaa -simplifycfg -mem2reg -globalopt -global-constprop -deadargelim -instcombine -simplifycfg -prune-eh -simplifycfg -scalarrepl -instcombine -reassociate -licm -simplifycfg -loop-simplify -indvars -instcombine -simplifycfg -mem2reg -loop-simplify -indvars -instcombine -gvn -gvn -instcombine -adce -break-crit-edges -simplifycfg -loop-delete -global-array-opt -dce -dse -adce -find-syn-modules -top dft -deadargelim -mem2reg -instcombine -dce -presyn-prepare -auto-rom-infer -interface-preproc -syn-check -check-rec-only -find-region -simplifycfg -func-extr -function-inline -globaldce -mem2reg -instcombine -dce -gvn -globaldce -adce -adse -constprop -instcombine -bit-constprop -instcombine -dce -simplifycfg -bitop-raise -simplifycfg -dce -loop-delete -reassociate -globalopt -global-privatize -mem2reg -dce -global-constprop -pointer-simplify -constprop -dce -func-inst -deadargelim -auto-shift-reg-idiom -promote-dbg-pointer -norm-name E:/xilinx/CS239/DFT/dft_8_precomputed/hls/solution1/.autopilot/db/a.g.0.bc -o E:/xilinx/CS239/DFT/dft_8_precomputed/hls/solution1/.autopilot/db/a.g.1.bc -f -phase std-opt 
INFO: [HLS 200-111] Finished Standard Transforms Time (s): cpu = 00:00:04 ; elapsed = 00:00:09 . Memory (MB): peak = 955.105 ; gain = 862.172
INFO: [HLS 200-10] Checking synthesizability ...
INFO-FLOW: Checking Synthesizability 1/2..
Execute         transform -hls -syn-check -check-rec-only -disaggr -scalarrepl -norm-name -dce -mem2reg -instcombine -function-uniquify -directive-preproc -mem2reg -dse -dce -auto-rom-infer -dce -pag -array-normalize -instcombine -dce -warn-fifo-pointer -array-seg-normalize -instcombine -dce -array-flatten -instcombine -dce -array-burst -dce -deadargelim -promote-global-argument -simplifycfg -mem2reg -globaldce -dce -deadargelim -dce -instcombine -function-inline -globaldce -dce -doublePtrSimplify -doublePtrElim -dce -doublePtrSimplify -promote-dbg-pointer -dce -scalarrepl -dse -adse -instcombine -ptrLegalization -simplifycfg -dce -instcombine -pointer-simplify -ptrArgReplace -dce -instcombine -resolve-double-ptr -disaggr -scalarrepl -norm-name -dce -mem2reg -instcombine -ptrLegalization -simplifycfg -deadargelim -instcombine -dce -inst-simplify -function-uniquify -directive-preproc -mem2reg -dse -dce -globaldce -check-dspbuiltin E:/xilinx/CS239/DFT/dft_8_precomputed/hls/solution1/.autopilot/db/a.g.1.bc -o E:/xilinx/CS239/DFT/dft_8_precomputed/hls/solution1/.autopilot/db/a.g.2.prechk.bc -f 
INFO-FLOW: Checking Synthesizability 2/2..
Execute         transform -syn-check E:/xilinx/CS239/DFT/dft_8_precomputed/hls/solution1/.autopilot/db/a.g.2.prechk.bc -o E:/xilinx/CS239/DFT/dft_8_precomputed/hls/solution1/.autopilot/db/a.g.2.bc -f -phase syn-check 
INFO: [HLS 200-111] Finished Checking Synthesizability Time (s): cpu = 00:00:04 ; elapsed = 00:00:09 . Memory (MB): peak = 955.105 ; gain = 862.172
INFO-FLOW: Compiler optimizing ...
INFO-FLOW: Share syncheck's 1.bc for syn flow: copy E:/xilinx/CS239/DFT/dft_8_precomputed/hls/solution1/.autopilot/db/a.g.1.bc to E:/xilinx/CS239/DFT/dft_8_precomputed/hls/solution1/.autopilot/db/a.o.1.bc
INFO-FLOW: Presyn 1...
Execute         transform -hls -tmp E:/xilinx/CS239/DFT/dft_8_precomputed/hls/solution1/.autopilot/db -interface-port-rename -type-info -function-uniquify -directive-preproc -mem2reg -dse -dce -disaggr -scalarrepl -norm-name -deadargelim -mem2reg -instcombine -dce -simplifycfg -auto-rom-infer -dce -function-uniquify -resource-proc -clib-intrinsic-prepare -dce -func-buffer -dce -pag -array-normalize -func-legal -instcombine -gvn -constprop -dce -simplifycfg -mem2reg -globaldce -resolve-double-ptr -dce -deadargelim -dce -instcombine -ptrArgReplace -mem2reg -dce -array-seg-normalize -deadargelim -instcombine -dce -pointer-simplify -dce -port-alignment -dce -interface-preproc -data-pack -instcombine -dce -basicaa -aggr-aa -aggrmodref-aa -aggr-aa -gvn -gvn -basicaa -aggr-aa -aggrmodref-aa -aggr-aa -dse -adse -adce -loop-simplify -indvars -instcombine -gvn -loop-simplify -mem2reg -dce -find-region -instcombine -auto-loop-pipeline -inst-simplify -interface-preproc -cfgopt -instcombine -indvars -auto-loop-unroll -loop-simplify -loop-bound -xunroll -constprop -instcombine -simplifycfg -indvars -simplifycfg -dce -globaldce -clean-region -attach-range -gvn -inst-simplify -constprop -simplifycfg -dce -pointer-simplify -dce -globalopt -constprop -dce -array-promote -constprop -dce -ptrArgReplace -mem2reg -simplifycfg -dce -auto-par -instcombine -dce -array-transform-check -array-reshape -instcombine -simplifycfg -dce -ptrArgReplace -deadargelim -mem2reg -instcombine -simplifycfg -dce -indvars -loop-simplify -loop-bound -xunroll -constprop -instcombine -simplifycfg -indvars -simplifycfg -dce -globaldce -basicaa -aggr-aa -aggrmodref-aa -aggr-aa -dse -duplicate-dataflow-processes -globaldce -instcombine -array-partition -instcombine -simplifycfg -dce -ptrArgReplace -global-constprop -deadargelim -mem2reg -func-legal -dce -global-constprop -deadargelim -mem2reg -simplifycfg -dce -merge-param -deadargelim -globalopt -constprop -dce -array-promote -constprop -dce -ptrArgReplace -mem2reg -simplifycfg -dce -mem-intrinsic-preproc -dce -global-internalize -global-privatize -mem2reg -globaldce -promote-global-argument -ptrArgReplace -mem2reg -dce -globalopt -mergereturn -simplify-global-access -mem2reg -dce -pointer-simplify -dce -functionattrs -basicaa -aggr-aa -aggrmodref-aa -aggr-aa -gvn -gvn -basicaa -aggr-aa -aggrmodref-aa -aggr-aa -dse -adse -adce -dce -norm-name -function-inline -complex-op-raise -inst-simplify -globaldce -func-inst -constprop -instcombine -simplifycfg -dce -func-legal -dce -loop-bound -arraycheck -bitwidthmin -on-by-dataflow -loop-delete -instcombine -simplifycfg -globaldce -dce -gvn -deadargelim -dce -loop-simplify -clean-region -simplifycfg -propagate-stable-arguments -loop-stream -instcombine -simplifycfg -dce -globaldce -duplicate-dataflow-processes -stream-intrinsic-preproc -dce -check-ap-stream -loop-simplify -eliminate-keepreads -extract-dataflow-in-loop -loop-simplify -dce -gvn -deadargelim -dse -check-dataflow-syntax -legalize-stream-variable -legalize-global -extract-subproc -dce -dead-channel-elimination -canonicalize-gep -globaldce -dce -gvn -deadargelim -annotate-dataflow-channels -scalar-propagation -deadargelim -globaldce -mem2reg -check-dataflow-channels -function-stream -dce -globaldce -prop-fifo-spec -internal-stream-gen -canonicalize-gep -globaldce -dce -gvn -deadargelim -mergereturn -indvars -loop-simplify -instcombine -array-stream -array-seg-normalize -array-partition -func-legal -instcombine -simplifycfg -dce -bundle-memfifo-ops -deadargelim -function-uniquify -directive-preproc -mem2reg -dse -dce -group-axi-access -licm -simplifycfg -dce -loop-delete -norm-name E:/xilinx/CS239/DFT/dft_8_precomputed/hls/solution1/.autopilot/db/a.o.1.bc -o E:/xilinx/CS239/DFT/dft_8_precomputed/hls/solution1/.autopilot/db/a.o.1.tmp.bc -f 
INFO: [XFORM 203-502] Unrolling all sub-loops inside loop 'dft_label1' (dft.cpp:21) in function 'dft' for pipelining.
INFO: [HLS 200-489] Unrolling loop 'dft_label2' (dft.cpp:24) in function 'dft' completely with a factor of 8.
INFO: [XFORM 203-101] Partitioning array 'temp_real' (dft.cpp:10) in dimension 1 completely.
INFO: [XFORM 203-101] Partitioning array 'temp_imag' (dft.cpp:12) in dimension 1 completely.
Command         transform done; 0.173 sec.
INFO-FLOW: Presyn 2...
Execute         transform -hls -keep-callgraph -scalarrepl -mem2reg -port-alignment -attach-range -dce -pipe-mux-gen -indvars -loop-bound -inst-simplify -instcombine -dce -merge-array-access -mem2reg -dce -clean-region -mergereturn -if-conv -instcombine -dce -constprop -basicaa -aggr-aa -aggrmodref-aa -aggr-aa -gvn -gvn -basicaa -aggr-aa -aggrmodref-aa -aggr-aa -dse -adse -adce -scalarrepl -mem2reg -global-constprop -deadargelim -deadargelim -instcombine -dce -simplifycfg -ptrArgReplace -mem2reg -function-inline -globaldce -mem2reg -instcombine -dce -expr-balance -instcombine -dce -bitwidthmin -interface-preproc -directive-preproc -inst-rectify -instcombine -dce -functionattrs -constprop -instcombine -bit-constprop -simplify-global-access -globalopt -globaldce -inst-simplify -instcombine -elimdeaddata -dce -loop-delete -simplifycfg -loop-simplify -auto-burst -norm-name E:/xilinx/CS239/DFT/dft_8_precomputed/hls/solution1/.autopilot/db/a.o.1.tmp.bc -o E:/xilinx/CS239/DFT/dft_8_precomputed/hls/solution1/.autopilot/db/a.o.2.bc -f -phase presyn 
INFO: [HLS 200-111] Finished Pre-synthesis Time (s): cpu = 00:00:04 ; elapsed = 00:00:09 . Memory (MB): peak = 955.105 ; gain = 862.172
INFO-FLOW: Building ssdm...
Execute         transform -hls -function-uniquify -auto-function-inline -globaldce -ptrArgReplace -mem2reg -dce -reset-lda -loop-simplify -indvars -licm -loop-dep -loop-bound -licm -loop-simplify -flattenloopnest -array-flatten -gvn -instcombine -dce -array-map -dce -func-legal -gvn -adce -instcombine -cfgopt -simplifycfg -loop-simplify -array-burst -promote-global-argument -dce -ptrLegalization -axi4-lower -array-seg-normalize -basicaa -aggrmodref-aa -globalsmodref-aa -aggr-aa -gvn -gvn -basicaa -aggrmodref-aa -globalsmodref-aa -aggr-aa -dse -adse -adce -licm -inst-simplify -dce -globaldce -instcombine -array-stream -eliminate-keepreads -instcombine -dce -deadargelim -doublePtrSimplify -doublePtrElim -dce -doublePtrSimplify -promote-dbg-pointer -dce -scalarrepl -mem2reg -disaggr -norm-name -mem2reg -instcombine -dse -adse -adce -ptrLegalization -dce -auto-rom-infer -array-flatten -dce -instcombine -check-doubleptr -loop-rot -constprop -cfgopt -simplifycfg -loop-simplify -indvars -pointer-simplify -dce -loop-bound -loop-simplify -loop-preproc -constprop -global-constprop -gvn -mem2reg -instcombine -dce -loop-bound -loop-merge -dce -bitwidthmin -deadargelim -dce -canonicalize-dataflow -dce -scalar-propagation -deadargelim -globaldce -mem2reg -read-loop-dep -interface-preproc -directive-preproc -interface-gen -bram-byte-enable -deadargelim -inst-simplify -dce -gvn -mem2reg -instcombine -dce -adse -loop-bound -instcombine -cfgopt -simplifycfg -loop-simplify -clean-region -io-protocol -find-region -mem2reg -bitop-raise -complex-op-raise -inst-simplify -inst-rectify -instcombine -adce -deadargelim -loop-simplify -phi-opt -bitop-raise -cfgopt -simplifycfg -strip-dead-prototypes -interface-lower -bitop-lower -intrinsic-lower -auto-function-inline -basicaa -aggrmodref-aa -globalsmodref-aa -aggr-aa -inst-simplify -simplifycfg -loop-simplify -mergereturn -inst-simplify -inst-rectify -dce -load-elim -bitop-lower -loop-rewind -pointer-simplify -dce -cfgopt -dce -loop-bound -loop-dep -read-loop-dep -dce -check-stream -norm-name -legalize -validate-dataflow -inst-clarity -bitwidth -dump-loop-dep-to-ir -check-all-ssdm -cdfg-build E:/xilinx/CS239/DFT/dft_8_precomputed/hls/solution1/.autopilot/db/a.o.2.bc -o E:/xilinx/CS239/DFT/dft_8_precomputed/hls/solution1/.autopilot/db/a.o.3.bc -f -phase build-ssdm 
Command         transform done; 0.151 sec.
INFO: [HLS 200-111] Finished Architecture Synthesis Time (s): cpu = 00:00:04 ; elapsed = 00:00:09 . Memory (MB): peak = 955.105 ; gain = 862.172
INFO-FLOW: Finish building internal data model.
Command       opt_and_import_c done; 1.199 sec.
Command     elaborate done; 7.001 sec.
Execute     autosyn -from_csynth_design=1 
INFO: [HLS 200-10] Starting hardware synthesis ...
INFO-FLOW: Synthesizing C/C++ design ...
INFO: [HLS 200-10] Synthesizing 'dft' ...
Execute       ap_set_top_model dft 
Execute       get_model_list dft -filter all-wo-channel -topdown 
Execute       preproc_iomode -model dft 
Execute       get_model_list dft -filter all-wo-channel 
INFO-FLOW: Model list for configure: dft
INFO-FLOW: Configuring Module : dft ...
Execute       set_default_model dft 
Execute       apply_spec_resource_limit dft 
INFO-FLOW: Model list for preprocess: dft
INFO-FLOW: Preprocessing Module: dft ...
Execute       set_default_model dft 
Execute       cdfg_preprocess -model dft 
Execute       rtl_gen_preprocess dft 
INFO-FLOW: Model list for synthesis: dft
INFO: [HLS 200-10] ----------------------------------------------------------------
INFO: [HLS 200-42] -- Implementing module 'dft' 
INFO: [HLS 200-10] ----------------------------------------------------------------
Execute       set_default_model dft 
Execute       schedule -model dft 
INFO: [SCHED 204-11] Starting scheduling ...
INFO: [SCHED 204-61] Pipelining loop 'dft_label0'.
INFO: [SCHED 204-61] Pipelining result : Target II = 1, Final II = 1, Depth = 1.
INFO: [SCHED 204-61] Pipelining loop 'dft_label1'.
WARNING: [SCHED 204-68] Unable to enforce a carried constraint (II = 1)
   between 'fadd' operation ('temp_imag[7]', dft.cpp:29) and 'fadd' operation ('temp_imag[7]', dft.cpp:29).
WARNING: [SCHED 204-68] Unable to enforce a carried constraint (II = 2)
   between 'fadd' operation ('temp_imag[7]', dft.cpp:29) and 'fadd' operation ('temp_imag[7]', dft.cpp:29).
WARNING: [SCHED 204-68] Unable to enforce a carried constraint (II = 3)
   between 'fadd' operation ('temp_imag[7]', dft.cpp:29) and 'fadd' operation ('temp_imag[7]', dft.cpp:29).
WARNING: [SCHED 204-68] Unable to enforce a carried constraint (II = 4)
   between 'fadd' operation ('temp_imag[7]', dft.cpp:29) and 'fadd' operation ('temp_imag[7]', dft.cpp:29).
INFO: [SCHED 204-61] Pipelining result : Target II = 1, Final II = 5, Depth = 21.
INFO: [SCHED 204-61] Pipelining loop 'dft_label3'.
INFO: [SCHED 204-61] Pipelining result : Target II = 1, Final II = 1, Depth = 1.
INFO: [SCHED 204-11] Finished scheduling.
Command       schedule done; 0.663 sec.
INFO: [HLS 200-111]  Elapsed time: 10.168 seconds; current allocated memory: 106.292 MB.
Execute       syn_report -verbosereport -o E:/xilinx/CS239/DFT/dft_8_precomputed/hls/solution1/.autopilot/db/dft.verbose.sched.rpt 
Command       syn_report done; 0.318 sec.
Execute       db_write -o E:/xilinx/CS239/DFT/dft_8_precomputed/hls/solution1/.autopilot/db/dft.sched.adb -f 
INFO-FLOW: Finish scheduling dft.
Execute       set_default_model dft 
Execute       bind -model dft 
BIND OPTION: model=dft
INFO: [BIND 205-100] Starting micro-architecture generation ...
INFO: [BIND 205-101] Performing variable lifetime analysis.
INFO: [BIND 205-101] Exploring resource sharing.
INFO: [BIND 205-101] Binding ...
INFO: [BIND 205-100] Finished micro-architecture generation.
Command       bind done; 0.106 sec.
INFO: [HLS 200-111]  Elapsed time: 0.528 seconds; current allocated memory: 108.081 MB.
Execute       syn_report -verbosereport -o E:/xilinx/CS239/DFT/dft_8_precomputed/hls/solution1/.autopilot/db/dft.verbose.bind.rpt 
Command       syn_report done; 0.369 sec.
Execute       db_write -o E:/xilinx/CS239/DFT/dft_8_precomputed/hls/solution1/.autopilot/db/dft.bind.adb -f 
INFO-FLOW: Finish binding dft.
Execute       get_model_list dft -filter all-wo-channel 
INFO-FLOW: Preprocessing for RTLGen ...
Execute       rtl_gen_preprocess dft 
INFO-FLOW: Model list for RTL generation: dft
INFO: [HLS 200-10] ----------------------------------------------------------------
INFO: [HLS 200-10] -- Generating RTL for module 'dft' 
INFO: [HLS 200-10] ----------------------------------------------------------------
Execute       get_config_rtl -module_prefix 
Execute       get_config_rtl -module_auto_prefix 
Execute       create_rtl_model dft -vendor xilinx -mg_file E:/xilinx/CS239/DFT/dft_8_precomputed/hls/solution1/.autopilot/db/dft.compgen.tcl 
INFO: [RTGEN 206-500] Setting interface mode on port 'dft/real_sample' to 'ap_memory'.
INFO: [RTGEN 206-500] Setting interface mode on port 'dft/imag_sample' to 'ap_memory'.
INFO: [RTGEN 206-500] Setting interface mode on function 'dft' to 'ap_ctrl_hs'.
INFO: [SYN 201-210] Renamed object name 'dft_cos_coefficients_tab' to 'dft_cos_coefficiebkb' due to the length limit 20
INFO: [SYN 201-210] Renamed object name 'dft_sin_coefficients_tab' to 'dft_sin_coefficiecud' due to the length limit 20
INFO: [SYN 201-210] Renamed object name 'dft_faddfsub_32ns_32ns_32_5_full_dsp_1' to 'dft_faddfsub_32nsdEe' due to the length limit 20
INFO: [SYN 201-210] Renamed object name 'dft_fadd_32ns_32ns_32_5_full_dsp_1' to 'dft_fadd_32ns_32neOg' due to the length limit 20
INFO: [SYN 201-210] Renamed object name 'dft_fmul_32ns_32ns_32_4_max_dsp_1' to 'dft_fmul_32ns_32nfYi' due to the length limit 20
INFO: [RTGEN 206-100] Generating core module 'dft_fadd_32ns_32neOg': 3 instance(s).
INFO: [RTGEN 206-100] Generating core module 'dft_faddfsub_32nsdEe': 4 instance(s).
INFO: [RTGEN 206-100] Generating core module 'dft_fmul_32ns_32nfYi': 6 instance(s).
INFO: [RTGEN 206-100] Generating core module 'dft_mux_83_32_1_1': 2 instance(s).
INFO: [RTGEN 206-100] Finished creating RTL model for 'dft'.
Command       create_rtl_model done; 0.199 sec.
INFO: [HLS 200-111]  Elapsed time: 0.718 seconds; current allocated memory: 110.446 MB.
Execute       source E:/xilinx/CS239/DFT/dft_8_precomputed/hls/solution1/.autopilot/db/dft.rtl_wrap.cfg.tcl 
Execute       gen_rtl dft -istop -style xilinx -tracefl mytrace -tracefmt vcd -traceopt all -f -lang sc -o E:/xilinx/CS239/DFT/dft_8_precomputed/hls/solution1/syn/systemc/dft -synmodules dft 
Execute       gen_rtl dft -istop -style xilinx -f -lang vhdl -o E:/xilinx/CS239/DFT/dft_8_precomputed/hls/solution1/syn/vhdl/dft 
Command       gen_rtl done; 0.125 sec.
Execute       gen_rtl dft -istop -style xilinx -f -lang vlog -o E:/xilinx/CS239/DFT/dft_8_precomputed/hls/solution1/syn/verilog/dft 
Command       gen_rtl done; 0.117 sec.
Execute       syn_report -csynth -model dft -o E:/xilinx/CS239/DFT/dft_8_precomputed/hls/solution1/syn/report/dft_csynth.rpt 
Execute       syn_report -rtlxml -model dft -o E:/xilinx/CS239/DFT/dft_8_precomputed/hls/solution1/syn/report/dft_csynth.xml 
Execute       syn_report -verbosereport -model dft -o E:/xilinx/CS239/DFT/dft_8_precomputed/hls/solution1/.autopilot/db/dft.verbose.rpt 
Command       syn_report done; 0.484 sec.
Execute       db_write -model dft -f -o E:/xilinx/CS239/DFT/dft_8_precomputed/hls/solution1/.autopilot/db/dft.adb 
Command       db_write done; 0.197 sec.
Execute       gen_tb_info dft -p E:/xilinx/CS239/DFT/dft_8_precomputed/hls/solution1/.autopilot/db -o E:/xilinx/CS239/DFT/dft_8_precomputed/hls/solution1/.autopilot/db/dft 
Execute       export_constraint_db -f -tool general -o E:/xilinx/CS239/DFT/dft_8_precomputed/hls/solution1/.autopilot/db/dft.constraint.tcl 
Execute       syn_report -designview -model dft -o E:/xilinx/CS239/DFT/dft_8_precomputed/hls/solution1/.autopilot/db/dft.design.xml 
Command       syn_report done; 0.115 sec.
Execute       get_config_rtl -disable_wave_debug 
Execute       syn_report -wcfg -model dft -o E:/xilinx/CS239/DFT/dft_8_precomputed/hls/solution1/.autopilot/db/dft_dataflow_ana.wcfg 
Execute       syn_report -protoinst -model dft -o E:/xilinx/CS239/DFT/dft_8_precomputed/hls/solution1/.autopilot/db/dft.protoinst 
Execute       get_config_debug -directory 
Execute       sc_get_clocks dft 
Execute       get_config_export -vivado_clock 
Execute       sc_get_portdomain dft 
INFO-FLOW: Model list for RTL component generation: dft
INFO-FLOW: Handling components in module [dft] ... 
Execute       source E:/xilinx/CS239/DFT/dft_8_precomputed/hls/solution1/.autopilot/db/dft.compgen.tcl 
INFO-FLOW: Found component dft_faddfsub_32nsdEe.
INFO-FLOW: Append model dft_faddfsub_32nsdEe
INFO-FLOW: Found component dft_fadd_32ns_32neOg.
INFO-FLOW: Append model dft_fadd_32ns_32neOg
INFO-FLOW: Found component dft_fmul_32ns_32nfYi.
INFO-FLOW: Append model dft_fmul_32ns_32nfYi
INFO-FLOW: Found component dft_mux_83_32_1_1.
INFO-FLOW: Append model dft_mux_83_32_1_1
INFO-FLOW: Found component dft_cos_coefficiebkb.
INFO-FLOW: Append model dft_cos_coefficiebkb
INFO-FLOW: Found component dft_sin_coefficiecud.
INFO-FLOW: Append model dft_sin_coefficiecud
INFO-FLOW: Append model dft
INFO-FLOW: Generating RTL model list ...
INFO-FLOW: All models in this session: dft_faddfsub_32nsdEe dft_fadd_32ns_32neOg dft_fmul_32ns_32nfYi dft_mux_83_32_1_1 dft_cos_coefficiebkb dft_sin_coefficiecud dft
INFO-FLOW: To file: write model dft_faddfsub_32nsdEe
INFO-FLOW: To file: write model dft_fadd_32ns_32neOg
INFO-FLOW: To file: write model dft_fmul_32ns_32nfYi
INFO-FLOW: To file: write model dft_mux_83_32_1_1
INFO-FLOW: To file: write model dft_cos_coefficiebkb
INFO-FLOW: To file: write model dft_sin_coefficiecud
INFO-FLOW: To file: write model dft
INFO-FLOW: Finished generating RTL model list.


INFO-FLOW: RTL Generation done.
INFO-FLOW: CAS Generation done.
INFO-FLOW: CBC Generation done.
Execute       syn_report -model dft -printsummary 
INFO: [HLS 200-790] **** Loop Constraint Status: All loop constraints were NOT satisfied.
INFO: [HLS 200-789] **** Estimated Fmax: 109.08 MHz
INFO-FLOW: DBG:CMD: auto_generate_csynth_design
INFO-FLOW: DBG:CMD:     auto_generate --sim-model -phase csynth_design -d E:/xilinx/CS239/DFT/dft_8_precomputed/hls/solution1
Execute       source E:/xilinx/CS239/DFT/dft_8_precomputed/hls/solution1/.autopilot/db/global.setting.tcl 
INFO-FLOW: DBG:CMD: read_platform_lib E:/xilinx/CS239/DFT/dft_8_precomputed/hls/solution1/.autopilot/db/global.setting.tcl
Execute       source D:/xilinx/Vivado/2020.1/common/technology/generic/autopilot/common.gen 
Execute         source D:/xilinx/Vivado/2020.1/common/technology/generic/autopilot/APCoreGen.gen 
Execute       source D:/xilinx/Vivado/2020.1/common/technology/generic/autopilot/op.gen 
Execute       source D:/xilinx/Vivado/2020.1/common/technology/generic/autopilot/op_simcore.gen 
Execute       source D:/xilinx/Vivado/2020.1/common/technology/generic/autopilot/interface.gen 
Execute       source E:/xilinx/CS239/DFT/dft_8_precomputed/hls/solution1/.autopilot/db/global.setting.tcl 
Execute       source D:/xilinx/Vivado/2020.1/common/technology/xilinx/zynq/zynq.gen 
Execute         source D:/xilinx/Vivado/2020.1/common/technology/xilinx/common/xilinx.gen 
Execute           source D:/xilinx/Vivado/2020.1/common/technology/xilinx/interface/plb46.gen 
Execute           source D:/xilinx/Vivado/2020.1/common/technology/xilinx/interface/fsl.gen 
Execute           source D:/xilinx/Vivado/2020.1/common/technology/xilinx/interface/axi4.gen 
Execute           source D:/xilinx/Vivado/2020.1/common/technology/xilinx/interface/nativeAXI4.gen 
Execute             source D:/xilinx/Vivado/2020.1/common/technology/xilinx/interface/saxilite.gen 
Execute             source D:/xilinx/Vivado/2020.1/common/technology/xilinx/interface/maxi.gen 
Execute           source D:/xilinx/Vivado/2020.1/common/technology/xilinx/scripts/xilinxcoregen.gen 
Execute           source D:/xilinx/Vivado/2020.1/common/technology/xilinx/interface/XilEDKCoreGen.gen 
Execute           source D:/xilinx/Vivado/2020.1/common/technology/xilinx/ip/dds_compiler.gen 
Execute           source D:/xilinx/Vivado/2020.1/common/technology/xilinx/ip/util.gen 
Execute           source D:/xilinx/Vivado/2020.1/common/technology/xilinx/ip/xfft.gen 
Execute           source D:/xilinx/Vivado/2020.1/common/technology/xilinx/ip/xfir.gen 
Execute           source D:/xilinx/Vivado/2020.1/common/technology/xilinx/common/dsp48.gen 
Command         ap_source done; 0.137 sec.
Command       ap_source done; 0.137 sec.
Execute       source D:/xilinx/Vivado/2020.1/common/technology/xilinx/zynq/zynq_fpv6.gen 
Execute         source D:/xilinx/Vivado/2020.1/common/technology/xilinx/common/xilinx_fp.gen 
INFO-FLOW: DBG:CMD:   using AESL_AUTOCG::g_clock_period=10.000 (was NA)
INFO-FLOW: DBG:CMD:       generate_ip_cores sim=1 export=0 expOnly=0 dstVlogDir=syn/verilog
Execute       source E:/xilinx/CS239/DFT/dft_8_precomputed/hls/solution1/.autopilot/db/global.setting.tcl 
Execute       ap_part_info -name xc7z020-clg484-1 -data names -quiet 
Execute       ap_part_info -name xc7z020-clg484-1 -data info -quiet 
Execute       source E:/xilinx/CS239/DFT/dft_8_precomputed/hls/solution1/.autopilot/db/global.setting.tcl 
Execute       source E:/xilinx/CS239/DFT/dft_8_precomputed/hls/solution1/.autopilot/db/global.setting.tcl 
Execute       source E:/xilinx/CS239/DFT/dft_8_precomputed/hls/solution1/.autopilot/db/dft.compgen.tcl 
Execute         ap_part_info -name xc7z020-clg484-1 -data names -quiet 
Execute         ap_part_info -name xc7z020-clg484-1 -data info -quiet 
Execute         ap_part_info -name xc7z020-clg484-1 -data names -quiet 
Execute         ap_part_info -name xc7z020-clg484-1 -data info -quiet 
Execute         ap_part_info -name xc7z020-clg484-1 -data names -quiet 
Execute         ap_part_info -name xc7z020-clg484-1 -data info -quiet 
Execute         ap_part_info -name xc7z020-clg484-1 -data names -quiet 
Execute         ap_part_info -name xc7z020-clg484-1 -data info -quiet 
Execute         ap_part_info -name xc7z020-clg484-1 -data names -quiet 
Execute         ap_part_info -name xc7z020-clg484-1 -data info -quiet 
INFO: [RTMG 210-279] Implementing memory 'dft_cos_coefficiebkb_rom' using distributed ROMs.
Execute         ap_part_info -name xc7z020-clg484-1 -data names -quiet 
Execute         ap_part_info -name xc7z020-clg484-1 -data info -quiet 
Execute         ap_part_info -name xc7z020-clg484-1 -data names -quiet 
Execute         ap_part_info -name xc7z020-clg484-1 -data info -quiet 
Execute         ap_part_info -name xc7z020-clg484-1 -data names -quiet 
Execute         ap_part_info -name xc7z020-clg484-1 -data info -quiet 
Execute         ap_part_info -name xc7z020-clg484-1 -data names -quiet 
Execute         ap_part_info -name xc7z020-clg484-1 -data info -quiet 
INFO: [RTMG 210-279] Implementing memory 'dft_sin_coefficiecud_rom' using distributed ROMs.
Execute         ap_part_info -name xc7z020-clg484-1 -data names -quiet 
Execute         ap_part_info -name xc7z020-clg484-1 -data info -quiet 
Execute         ap_part_info -name xc7z020-clg484-1 -data names -quiet 
Execute         ap_part_info -name xc7z020-clg484-1 -data info -quiet 
Execute         ap_part_info -name xc7z020-clg484-1 -data names -quiet 
Execute         ap_part_info -name xc7z020-clg484-1 -data info -quiet 
Command       ap_source done; 0.675 sec.
INFO-FLOW: DBG:CMD:     auto_generate -export -impltomg_flag -rtl both -tool Vivado -pcore_version 1.00.a -phase csynth_design -d E:/xilinx/CS239/DFT/dft_8_precomputed/hls/solution1
Execute       source E:/xilinx/CS239/DFT/dft_8_precomputed/hls/solution1/.autopilot/db/global.setting.tcl 
INFO-FLOW: DBG:CMD: read_platform_lib E:/xilinx/CS239/DFT/dft_8_precomputed/hls/solution1/.autopilot/db/global.setting.tcl
Execute       source D:/xilinx/Vivado/2020.1/common/technology/generic/autopilot/common.gen 
Execute         source D:/xilinx/Vivado/2020.1/common/technology/generic/autopilot/APCoreGen.gen 
Execute       source D:/xilinx/Vivado/2020.1/common/technology/generic/autopilot/op.gen 
Execute       source D:/xilinx/Vivado/2020.1/common/technology/generic/autopilot/op_simcore.gen 
Execute       source D:/xilinx/Vivado/2020.1/common/technology/generic/autopilot/interface.gen 
Execute       source E:/xilinx/CS239/DFT/dft_8_precomputed/hls/solution1/.autopilot/db/global.setting.tcl 
Execute       source D:/xilinx/Vivado/2020.1/common/technology/xilinx/zynq/zynq.gen 
Execute         source D:/xilinx/Vivado/2020.1/common/technology/xilinx/common/xilinx.gen 
Execute           source D:/xilinx/Vivado/2020.1/common/technology/xilinx/interface/plb46.gen 
Execute           source D:/xilinx/Vivado/2020.1/common/technology/xilinx/interface/fsl.gen 
Execute           source D:/xilinx/Vivado/2020.1/common/technology/xilinx/interface/axi4.gen 
Execute           source D:/xilinx/Vivado/2020.1/common/technology/xilinx/interface/nativeAXI4.gen 
Execute             source D:/xilinx/Vivado/2020.1/common/technology/xilinx/interface/saxilite.gen 
Execute             source D:/xilinx/Vivado/2020.1/common/technology/xilinx/interface/maxi.gen 
Execute           source D:/xilinx/Vivado/2020.1/common/technology/xilinx/scripts/xilinxcoregen.gen 
Execute           source D:/xilinx/Vivado/2020.1/common/technology/xilinx/interface/XilEDKCoreGen.gen 
Execute           source D:/xilinx/Vivado/2020.1/common/technology/xilinx/ip/dds_compiler.gen 
Execute           source D:/xilinx/Vivado/2020.1/common/technology/xilinx/ip/util.gen 
Execute           source D:/xilinx/Vivado/2020.1/common/technology/xilinx/ip/xfft.gen 
Command           ap_source done; 0.102 sec.
Execute           source D:/xilinx/Vivado/2020.1/common/technology/xilinx/ip/xfir.gen 
Execute           source D:/xilinx/Vivado/2020.1/common/technology/xilinx/common/dsp48.gen 
Command         ap_source done; 0.155 sec.
Command       ap_source done; 0.155 sec.
Execute       source D:/xilinx/Vivado/2020.1/common/technology/xilinx/zynq/zynq_fpv6.gen 
Execute         source D:/xilinx/Vivado/2020.1/common/technology/xilinx/common/xilinx_fp.gen 
INFO-FLOW: DBG:CMD:       initCTypeInfo top_module=dft xml_exists=0
Execute       source E:/xilinx/CS239/DFT/dft_8_precomputed/hls/solution1/.autopilot/db/dft.rtl_wrap.cfg.tcl 
Execute       source E:/xilinx/CS239/DFT/dft_8_precomputed/hls/solution1/.autopilot/db/dft.rtl_wrap.cfg.tcl 
Execute       source E:/xilinx/CS239/DFT/dft_8_precomputed/hls/solution1/.autopilot/db/dft.rtl_wrap.cfg.tcl 
Execute       source E:/xilinx/CS239/DFT/dft_8_precomputed/hls/solution1/.autopilot/db/dft.tbgen.tcl 
Execute       source E:/xilinx/CS239/DFT/dft_8_precomputed/hls/solution1/.autopilot/db/dft.tbgen.tcl 
INFO-FLOW: DBG:CMD:       export_impl_rtl
INFO-FLOW: DBG:CMD:       generate_ip_cores sim=0 export=0 expOnly=0 dstVlogDir=impl/.verilog
Execute       source E:/xilinx/CS239/DFT/dft_8_precomputed/hls/solution1/.autopilot/db/global.setting.tcl 
Execute       source E:/xilinx/CS239/DFT/dft_8_precomputed/hls/solution1/.autopilot/db/dft.compgen.tcl 
Execute         ap_part_info -name xc7z020-clg484-1 -data names -quiet 
Execute         ap_part_info -name xc7z020-clg484-1 -data info -quiet 
Execute         ap_part_info -name xc7z020-clg484-1 -data names -quiet 
Execute         ap_part_info -name xc7z020-clg484-1 -data info -quiet 
Execute         ap_part_info -name xc7z020-clg484-1 -data names -quiet 
Execute         ap_part_info -name xc7z020-clg484-1 -data info -quiet 
Command       ap_source done; 0.157 sec.
INFO-FLOW: DBG:CMD:       generate_ip_cores sim=0 export=1 expOnly=1 dstVlogDir=impl/.pcores/verilog
Execute       source E:/xilinx/CS239/DFT/dft_8_precomputed/hls/solution1/.autopilot/db/global.setting.tcl 
Execute       source E:/xilinx/CS239/DFT/dft_8_precomputed/hls/solution1/.autopilot/db/dft.compgen.tcl 
Execute         ap_part_info -name xc7z020-clg484-1 -data names -quiet 
Execute         ap_part_info -name xc7z020-clg484-1 -data info -quiet 
Execute         ap_part_info -name xc7z020-clg484-1 -data names -quiet 
Execute         ap_part_info -name xc7z020-clg484-1 -data info -quiet 
Execute         source E:/xilinx/CS239/DFT/dft_8_precomputed/hls/solution1/.autopilot/db/dft.tbgen.tcl 
Execute         source E:/xilinx/CS239/DFT/dft_8_precomputed/hls/solution1/.autopilot/db/dft.tbgen.tcl 
Execute         ap_part_info -name xc7z020-clg484-1 -data names -quiet 
Execute         ap_part_info -name xc7z020-clg484-1 -data info -quiet 
Execute         ap_part_info -name xc7z020-clg484-1 -data names -quiet 
Execute         ap_part_info -name xc7z020-clg484-1 -data info -quiet 
Execute         ap_part_info -name xc7z020-clg484-1 -data names -quiet 
Execute         ap_part_info -name xc7z020-clg484-1 -data info -quiet 
Execute         ap_part_info -name xc7z020-clg484-1 -data names -quiet 
Execute         ap_part_info -name xc7z020-clg484-1 -data info -quiet 
Execute         ap_part_info -name xc7z020-clg484-1 -data names -quiet 
Execute         ap_part_info -name xc7z020-clg484-1 -data info -quiet 
Command       ap_source done; 0.235 sec.
Execute       ap_part_info -name xc7z020-clg484-1 -data names -quiet 
Execute       ap_part_info -name xc7z020-clg484-1 -data info -quiet 
INFO-FLOW: DBG:CMD:       generate_ip_cores sim=0 export=0 expOnly=0 dstVlogDir=impl/.pcores/verilog_sim
Execute       source E:/xilinx/CS239/DFT/dft_8_precomputed/hls/solution1/.autopilot/db/global.setting.tcl 
Execute       source E:/xilinx/CS239/DFT/dft_8_precomputed/hls/solution1/.autopilot/db/dft.compgen.tcl 
Execute       ap_part_info -name xc7z020-clg484-1 -data names -quiet 
Execute       ap_part_info -name xc7z020-clg484-1 -data info -quiet 
Execute       ap_part_info -name xc7z020-clg484-1 -data names -quiet 
Execute       ap_part_info -name xc7z020-clg484-1 -data info -quiet 
Execute       source E:/xilinx/CS239/DFT/dft_8_precomputed/hls/solution1/.autopilot/db/global.setting.tcl 
Execute       ap_part_info -name xc7z020-clg484-1 -data names -quiet 
Execute       ap_part_info -name xc7z020-clg484-1 -data info -quiet 
Execute       source E:/xilinx/CS239/DFT/dft_8_precomputed/hls/solution1/.autopilot/db/dft.constraint.tcl 
Execute       source E:/xilinx/CS239/DFT/dft_8_precomputed/hls/solution1/.autopilot/db/dft.tbgen.tcl 
INFO-FLOW: DBG:CMD:       hasPcoreIpAdapter=false #gSsdmPorts=6
INFO-FLOW: DBG:CMD: Skipping loadAnalyze_DB, #g_database=2
INFO-FLOW: DBG:CMD:       generate_json is_phase_csynth=1 g_has_adaptors=false generate_bd_files=0 #modelList=7 #gSsdmPorts=6
Execute       source D:/xilinx/Vivado/2020.1/tps/tcl/tcllib1.11.1/fileutil/fileutil.tcl 
Execute       source E:/xilinx/CS239/DFT/dft_8_precomputed/hls/solution1/.autopilot/db/global.setting.tcl 
Execute       source E:/xilinx/CS239/DFT/dft_8_precomputed/hls/solution1/.autopilot/db/global.setting.tcl 
Execute       get_config_export -xo 
Execute       source E:/xilinx/CS239/DFT/dft_8_precomputed/hls/solution1/.autopilot/db/dft.tbgen.tcl 
Execute       source E:/xilinx/CS239/DFT/dft_8_precomputed/hls/solution1/.autopilot/db/dft.tbgen.tcl 
Execute       source E:/xilinx/CS239/DFT/dft_8_precomputed/hls/solution1/.autopilot/db/dft.tbgen.tcl 
Execute       source E:/xilinx/CS239/DFT/dft_8_precomputed/hls/solution1/.autopilot/db/dft.tbgen.tcl 
Execute       source E:/xilinx/CS239/DFT/dft_8_precomputed/hls/solution1/.autopilot/db/global.setting.tcl 
Execute       get_config_sdx -target 
Execute       source E:/xilinx/CS239/DFT/dft_8_precomputed/hls/solution1/.autopilot/db/dft.rtl_wrap.cfg.tcl 
Execute       source E:/xilinx/CS239/DFT/dft_8_precomputed/hls/solution1/.autopilot/db/dft.compgen.dataonly.tcl 
Execute       source E:/xilinx/CS239/DFT/dft_8_precomputed/hls/solution1/.autopilot/db/global.setting.tcl 
Execute       ap_part_info -name xc7z020-clg484-1 -data names -quiet 
Execute       ap_part_info -name xc7z020-clg484-1 -data info -quiet 
Execute       source E:/xilinx/CS239/DFT/dft_8_precomputed/hls/solution1/.autopilot/db/dft.constraint.tcl 
Execute       sc_get_clocks dft 
Execute       ap_part_info -name xc7z020-clg484-1 -data names -quiet 
Execute       ap_part_info -name xc7z020-clg484-1 -data info -quiet 
Execute       source E:/xilinx/CS239/DFT/dft_8_precomputed/hls/solution1/.autopilot/db/global.setting.tcl 
Execute       get_config_debug -directory 
Execute       source E:/xilinx/CS239/DFT/dft_8_precomputed/hls/solution1/impl/misc/dft_ap_fadd_3_full_dsp_32_ip.tcl 
Execute       source E:/xilinx/CS239/DFT/dft_8_precomputed/hls/solution1/impl/misc/dft_ap_faddfsub_3_full_dsp_32_ip.tcl 
Execute       source E:/xilinx/CS239/DFT/dft_8_precomputed/hls/solution1/impl/misc/dft_ap_fmul_2_max_dsp_32_ip.tcl 
Execute       source E:/xilinx/CS239/DFT/dft_8_precomputed/hls/solution1/.autopilot/db/dft.tbgen.tcl 
Execute       get_config_sdx -target 
Execute       get_config_sdx -profile 
Execute       get_config_rtl -kernel_profile 
Execute       get_config_rtl -stall_sig_gen 
Execute       get_config_rtl -profile 
INFO-FLOW: DBG:CMD: add_json_sdx_info kernel file does not exist, skipping opencl info: E:/xilinx/CS239/DFT/dft_8_precomputed/hls/solution1/.autopilot/db/kernel.internal.xml
INFO-FLOW: DBG:CMD:       delete-temp-dirs (skipped for debug)
INFO: [HLS 200-111] Finished generating all RTL models Time (s): cpu = 00:00:08 ; elapsed = 00:00:15 . Memory (MB): peak = 955.105 ; gain = 862.172
INFO: [VHDL 208-304] Generating VHDL RTL for dft.
INFO: [VLOG 209-307] Generating Verilog RTL for dft.
Command     autosyn done; 5.752 sec.
Command   csynth_design done; 12.761 sec.
Command ap_source done; 14.606 sec.
Execute cleanup_all 
