INFO: [SIM 2] *************** CSIM start ***************
INFO: [SIM 4] CSIM will launch GCC as the compiler.
   Compiling ../../../../dft.cpp in debug mode
   Generating csim.exe
28.000000 0.000000
-4.000000 9.656856
-4.000000 4.000000
-4.000000 1.656856
-4.000000 0.000000
-4.000000 -1.656856
-4.000000 -4.000000
-4.000000 -9.656856
----------------------------------------------
   RMSE(R)           RMSE(I)
0.000000000000000 0.000000059604645
----------------------------------------------
*******************************************
PASS: The output matches the golden output!
*******************************************
INFO: [SIM 1] CSim done with 0 errors.
INFO: [SIM 3] *************** CSIM finish ***************
