INFO: [SIM 2] *************** CSIM start ***************
INFO: [SIM 4] CSIM will launch GCC as the compiler.
   Compiling E:/pp4fpgas/phase_detector/HLS/phasedetector/phasedetector_test.cpp in debug mode
   Generating csim.exe
0, -1.000000, 1.000000, 2.000000, -3.141610,
1, -1.000999, 0.998999, 2.829841, -2.355691,
2, -0.997998, -1.001998, 2.000004, -1.567823,
3, 0.996996, 1.002995, 2.825602, 0.788402,
4, 1.003992, -0.995992, 2.002000, -1.569776,
5, 0.994988, 1.004987, 6.311272, 0.324456,
6, -1.005982, 0.993982, 5.993996, -3.136911,
7, -1.006975, 0.992976, 0.008020, 0.003461,
8, 0.991968, 1.007968, 10.013988, -3.138620,
9, 1.008959, -0.990960, 6.318861, -1.247745,
10, 0.989950, 1.009950, 4.444407, -0.461256,
11, 1.010939, -0.988940, 5.668155, -0.779403,
12, 1.011928, -0.987928, 8.276707, 1.331992,
13, -1.012915, 0.986916, 16.487974, 2.903703,
14, -0.985902, -1.013902, 5.999932, -1.559767,
15, -1.014887, 0.984888, 6.329579, 2.829444,
16, -1.015871, 0.983873, 10.835252, -1.185692,
17, 1.016855, -0.982856, 8.978182, 1.116071,
18, -1.017837, 0.981839, 2.032336, -3.114895,
19, 1.018818, -0.980821, 8.031919, 0.014020,
20, 0.979801, 1.019799, 15.704094, 2.456023,
21, -0.978781, -1.020778, 10.206880, -1.752614,
22, -0.977760, -1.021756, 8.330513, 1.337851,
23, -0.976738, -1.022733, 16.024025, -1.555267,
24, 1.023710, -0.975714, 14.003411, 0.011701,
25, 0.974690, 1.024685, 10.225960, 2.961544,
26, -0.973665, -1.025659, 12.242068, -0.152097,
27, -1.026632, 0.972639, 22.880575, 2.243671,
28, -0.971612, -1.027604, 13.332573, -2.659282,
29, 0.970584, 1.028575, 11.657415, 1.051394,
30, -0.969555, -1.029546, 10.042660, -2.189369,
31, 1.030515, -0.968525, 63.997276, 0.015529,
32, -1.031483, 0.967494, 11.262731, 2.383490,
33, -1.032450, 0.966462, 12.678178, -1.225162,
34, -0.965429, -1.033416, 12.705383, 2.839820,
35, 0.964395, 1.034380, 19.917723, -2.201193,
36, 1.035344, -0.963360, 11.953630, 0.016872,
37, 0.962324, 1.036307, 4.009059, -3.135568,
38, -1.037269, 0.961287, 8.003106, 0.005292,
39, -1.038230, 0.960249, 15.976123, 1.593772,
40, 0.959211, 1.039189, 11.378119, -2.333659,
41, 1.040148, -0.958171, 4.012271, 1.584817,
42, 0.957130, 1.041106, 14.281976, -2.139507,
43, 1.042062, -0.956089, 12.658924, -0.292132,
44, 1.043018, -0.955046, 8.025533, 1.604086,
45, -1.043972, 0.954003, 12.792990, -2.781739,
46, -0.952958, -1.044926, 5.699036, 0.783249,
47, -1.045878, 0.951913, 12.031590, -3.108242,
48, -1.046830, 0.950867, 5.753267, -0.746951,
49, 1.047780, -0.949819, 12.789095, 2.840979,
50, -1.048729, 0.948771, 8.038547, -1.550446,
51, 1.049678, -0.947722, 12.719282, 0.358572,
52, 0.946672, 1.050625, 14.419801, 2.200460,
53, -0.945621, -1.051571, 4.056254, -1.487405,
54, -0.944569, -1.052516, 11.475426, 2.381903,
55, -0.943516, -1.053460, 16.023870, -1.523776,
56, 1.054403, -0.942462, 7.998453, 0.054284,
57, 0.941407, 1.055345, 4.059341, -3.062046,
58, -0.940351, -1.056286, 12.109560, 0.043788,
59, -1.057226, 0.939294, 20.069380, 2.259967,
60, -0.938237, -1.058165, 12.530870, -2.769166,
61, 0.937178, 1.059102, 12.700669, 1.299722,
62, -0.936118, -1.060039, 11.318872, -2.301939,
63, 1.060974, -0.935058, 63.997280, 0.047509,
64, -1.061909, 0.933996, 11.262728, 2.415516,
65, -1.062842, 0.932934, 12.678174, -1.193182,
66, -0.931871, -1.063775, 12.705383, 2.871800,
67, 0.930806, 1.064706, 19.917721, -2.169167,
68, 1.065637, -0.929741, 11.953629, 0.048852,
69, 0.928675, 1.066566, 4.009057, -3.103543,
70, -1.067494, 0.927608, 8.003107, 0.037257,
71, -1.068421, 0.926540, 15.976122, 1.625812,
72, 0.925471, 1.069347, 11.378118, -2.301634,
73, 1.070272, -0.924402, 4.012271, 1.616843,
74, 0.923331, 1.071196, 14.281976, -2.107469,
75, 1.072119, -0.922259, 12.658924, -0.260106,
76, 1.073040, -0.921187, 8.025536, 1.636127,
77, -1.073961, 0.920113, 12.792990, -2.749714,
78, -0.919039, -1.074880, 5.699036, 0.815257,
79, -1.075799, 0.917963, 12.031583, -3.076262,
80, -1.076716, 0.916887, 5.753266, -0.714910,
81, 1.077633, -0.915810, 12.789094, 2.872959,
82, -1.078548, 0.914732, 8.038546, -1.518405,
83, 1.079462, -0.913653, 12.719283, 0.390597,
84, 0.912573, 1.080375, 14.419802, 2.232440,
85, -0.911492, -1.081287, 4.056254, -1.455364,
86, -0.910410, -1.082198, 11.475426, 2.413868,
87, -0.909328, -1.083108, 16.023869, -1.491800,
88, 1.084017, -0.908244, 7.998454, 0.086260,
89, 0.907160, 1.084925, 4.059339, -3.030005,
90, -0.906074, -1.085831, 12.109560, 0.075829,
91, -1.086737, 0.904988, 20.069384, 2.291931,
92, -0.903901, -1.087641, 12.530869, -2.737202,
93, 0.902813, 1.088545, 12.700665, 1.331747,
94, -0.901724, -1.089447, 11.318875, -2.269959,
95, 1.090348, -0.900634, 63.997272, 0.079485,
96, -1.091248, 0.899543, 11.262732, 2.447496,
97, -1.092147, 0.898451, 12.678176, -1.161156,
98, -0.897359, -1.093045, 12.705383, 2.903825,
99, 0.896265, 1.093942, 19.917721, -2.137192,
100, 1.094838, -0.895171, 11.953628, 0.080828,
101, 0.894075, 1.095732, 4.009059, -3.071563,
102, -1.096626, 0.892979, 8.003104, 0.069298,
103, -1.097518, 0.891882, 15.976127, 1.657789,
104, 0.890784, 1.098410, 11.378118, -2.269654,
105, 1.099300, -0.889685, 4.012272, 1.648816,
106, 0.888586, 1.100189, 14.281977, -2.075506,
107, 1.101077, -0.887485, 12.658924, -0.228126,
108, 1.101964, -0.886383, 8.025536, 1.668103,
109, -1.102850, 0.885281, 12.792991, -2.717734,
110, -0.884178, -1.103734, 5.699036, 0.847222,
111, -1.104618, 0.883074, 12.031589, -3.044225,
112, -1.105501, 0.881969, 5.753267, -0.682945,
113, 1.106382, -0.880863, 12.789098, 2.904985,
114, -1.107262, 0.879756, 8.038547, -1.486429,
115, 1.108141, -0.878648, 12.719282, 0.422577,
116, 0.877540, 1.109020, 14.419802, 2.264405,
117, -0.876430, -1.109897, 4.056254, -1.423400,
118, -0.875320, -1.110772, 11.475424, 2.445848,
119, -0.874209, -1.111647, 16.023870, -1.459759,
120, 1.112521, -0.873096, 7.998453, 0.118240,
121, 0.871983, 1.113393, 4.059341, -2.998041,
122, -0.870870, -1.114265, 12.109560, 0.107803,
123, -1.115135, 0.869755, 20.069384, 2.323972,
124, -0.868639, -1.116004, 12.530868, -2.705161,
125, 0.867523, 1.116872, 12.700668, 1.363727,
126, -0.866406, -1.117739, 11.318872, -2.237933,
127, 1.118605, -0.865287, 63.997272, 0.111526,
128, -1.119470, 0.864168, 11.262733, 2.479522,
129, -1.120334, 0.863048, 12.678176, -1.129176,
130, -0.861928, -1.121196, 12.705384, 2.935805,
131, 0.860806, 1.122057, 19.917723, -2.105151,
132, 1.122918, -0.859684, 11.953630, 0.112869,
133, 0.858560, 1.123777, 4.009059, -3.039525,
134, -1.124635, 0.857436, 8.003105, 0.101274,
135, -1.125492, 0.856311, 15.976125, 1.689768,
136, 0.855185, 1.126347, 11.378120, -2.237628,
137, 1.127202, -0.854058, 4.012271, 1.680796,
138, 0.852931, 1.128055, 14.281980, -2.043465,
139, 1.128908, -0.851802, 12.658925, -0.196161,
140, 1.129759, -0.850673, 8.025535, 1.700083,
141, -1.130609, 0.849543, 12.792992, -2.685708,
142, -0.848412, -1.131458, 5.699036, 0.879202,
143, -1.132306, 0.847280, 12.031585, -3.012244,
144, -1.133153, 0.846147, 5.753267, -0.650904,
145, 1.133998, -0.845013, 12.789094, 2.936965,
146, -1.134843, 0.843879, 8.038548, -1.454449,
147, 1.135686, -0.842744, 12.719282, 0.454603,
148, 0.841608, 1.136528, 14.419801, 2.296446,
149, -0.840471, -1.137369, 4.056255, -1.391359,
150, -0.839333, -1.138209, 11.475426, 2.477874,
151, -0.838194, -1.139048, 16.023867, -1.427794,
152, 1.139886, -0.837055, 7.998452, 0.150265,
153, 0.835915, 1.140722, 4.059340, -2.966000,
154, -0.834773, -1.141557, 12.109561, 0.139829,
155, -1.142392, 0.833631, 20.069378, 2.355935,
156, -0.832489, -1.143225, 12.530869, -2.673196,
157, 0.831345, 1.144057, 12.700667, 1.395692,
158, -0.830200, -1.144887, 11.318871, -2.205953,
159, 1.145717, -0.829055, 63.997276, 0.143491,
160, -1.146546, 0.827909, 11.262733, 2.511502,
161, -1.147373, 0.826762, 12.678174, -1.097153,
162, -0.825614, -1.148199, 12.705383, 2.967831,
163, 0.824466, 1.149024, 19.917723, -2.073187,
164, 1.149848, -0.823316, 11.953627, 0.144833,
165, 0.822166, 1.150671, 4.009057, -3.007545,
166, -1.151492, 0.821015, 8.003106, 0.133254,
167, -1.152313, 0.819863, 15.976123, 1.721794,
168, 0.818710, 1.153132, 11.378120, -2.205648,
169, 1.153950, -0.817557, 4.012272, 1.712822,
170, 0.816402, 1.154767, 14.281980, -2.011501,
171, 1.155583, -0.815247, 12.658924, -0.164120,
172, 1.156398, -0.814091, 8.025537, 1.732109,
173, -1.157211, 0.812934, 12.792990, -2.653728,
174, -0.811777, -1.158023, 5.699036, 0.911226,
175, -1.158835, 0.810618, 12.031587, -2.980280,
176, -1.159645, 0.809459, 5.753268, -0.618939,
177, 1.160454, -0.808299, 12.789095, 2.968991,
178, -1.161261, 0.807138, 8.038545, -1.422423,
179, 1.162068, -0.805977, 12.719283, 0.486583,
180, 0.804814, 1.162873, 14.419804, 2.328410,
181, -0.803651, -1.163677, 4.056254, -1.359394,
182, -0.802487, -1.164481, 11.475428, 2.509854,
183, -0.801322, -1.165282, 16.023867, -1.395814,
184, 1.166083, -0.800156, 7.998453, 0.182245,
185, 0.798990, 1.166883, 4.059341, -2.934035,
186, -0.797822, -1.167681, 12.109559, 0.171808,
187, -1.168478, 0.796654, 20.069386, 2.387946,
188, -0.795485, -1.169274, 12.530865, -2.641155,
189, 0.794316, 1.170069, 12.700665, 1.427733,
190, -0.793145, -1.170863, 11.318873, -2.173928,
191, 1.171656, -0.791974, 63.997272, 0.175471,
192, -1.172447, 0.790802, 11.262731, 2.543527,
193, -1.173237, 0.789629, 12.678175, -1.065127,
194, -0.788456, -1.174026, 12.705382, 2.999811,
195, 0.787281, 1.174814, 19.917723, -2.041146,
196, 1.175601, -0.786106, 11.953627, 0.176874,
197, 0.784930, 1.176386, 4.009059, -2.975519,
198, -1.177171, 0.783753, 8.003104, 0.165280,
199, -1.177954, 0.782576, 15.976121, 1.753774,
200, 0.781397, 1.178736, 11.378121, -2.173623,
201, 1.179517, -0.780218, 4.012272, 1.744802,
202, 0.779038, 1.180296, 14.281980, -1.979460,
203, 1.181075, -0.777858, 12.658923, -0.132156,
204, 1.181852, -0.776676, 8.025535, 1.764089,
205, -1.182628, 0.775494, 12.792990, -2.621702,
206, -0.774311, -1.183403, 5.699037, 0.943251,
207, -1.184177, 0.773127, 12.031586, -2.948239,
208, -1.184949, 0.771942, 5.753267, -0.586898,
209, 1.185721, -0.770757, 12.789098, 3.000971,
210, -1.186491, 0.769571, 8.038547, -1.390443,
211, 1.187260, -0.768384, 12.719283, 0.518609,
212, 0.767196, 1.188028, 14.419800, 2.360420,
213, -0.766008, -1.188794, 4.056257, -1.327353,
214, -0.764819, -1.189560, 11.475426, 2.541879,
215, -0.763629, -1.190324, 16.023870, -1.363788,
216, 1.191087, -0.762438, 7.998452, 0.214271,
217, 0.761247, 1.191849, 4.059340, -2.901994,
218, -0.760055, -1.192609, 12.109560, 0.203834,
219, -1.193369, 0.758862, 20.069380, 2.419969,
220, -0.757668, -1.194127, 12.530870, -2.609191,
221, 0.756473, 1.194884, 12.700667, 1.459698,
222, -0.755278, -1.195640, 11.318871, -2.141948,
223, 1.196395, -0.754082, 63.997276, 0.207497,
224, -1.197148, 0.752885, 11.262731, 2.575502,
225, -1.197900, 0.751688, 12.678175, -1.033147,
226, -0.750489, -1.198652, 12.705382, 3.031775,
227, 0.749290, 1.199401, 19.917723, -2.009181,
228, 1.200150, -0.748091, 11.953628, 0.208839,
229, 0.746890, 1.200898, 4.009057, -2.943539,
230, -1.201644, 0.745689, 8.003104, 0.197260,
231, -1.202389, 0.744487, 15.976124, 1.785800,
232, 0.743284, 1.203133, 11.378121, -2.141643,
233, 1.203876, -0.742081, 4.012272, 1.776828,
234, 0.740876, 1.204617, 14.281980, -1.947495,
235, 1.205357, -0.739671, 12.658924, -0.100115,
236, 1.206096, -0.738466, 8.025536, 1.796115,
237, -1.206834, 0.737259, 12.792990, -2.589723,
238, -0.736052, -1.207571, 5.699034, 0.975231,
239, -1.208306, 0.734844, 12.031585, -2.916274,
240, -1.209041, 0.733635, 5.753265, -0.554922,
241, 1.209774, -0.732426, 12.789095, 3.032996,
242, -1.210505, 0.731216, 8.038548, -1.358417,
243, 1.211236, -0.730005, 12.719282, 0.550589,
244, 0.728793, 1.211965, 14.419802, 2.392445,
245, -0.727581, -1.212694, 4.056255, -1.295388,
246, -0.726368, -1.213421, 11.475427, 2.573859,
247, -0.725154, -1.214146, 16.023870, -1.331808,
248, 1.214871, -0.723940, 7.998453, 0.246251,
249, 0.722724, 1.215594, 4.059340, -2.870030,
250, -0.721508, -1.216316, 12.109558, 0.235814,
251, -1.217037, 0.720292, 20.069384, 2.451934,
252, -0.719074, -1.217757, 12.530869, -2.577211,
253, 0.717856, 1.218475, 12.700665, 1.491739,
254, -0.716637, -1.219193, 11.318875, -2.109971,
255, 1.219909, -0.715418, 63.997276, 0.239476,
256, -1.220623, 0.714198, 11.262731, 2.607482,
257, -1.221337, 0.712977, 12.678175, -1.001171,
258, -0.711755, -1.222049, 12.705384, 3.063816,
259, 0.710533, 1.222761, 19.917717, -1.977140,
260, 1.223471, -0.709309, 11.953629, 0.240880,
261, 0.708086, 1.224179, 4.009058, -2.911575,
262, -1.224887, 0.706861, 8.003102, 0.229286,
263, -1.225593, 0.705636, 15.976121, 1.817780,
264, 0.704410, 1.226298, 11.378120, -2.109605,
265, 1.227002, -0.703183, 4.012273, 1.808808,
266, 0.701956, 1.227704, 14.281980, -1.915515,
267, 1.228406, -0.700728, 12.658920, -0.068138,
268, 1.229106, -0.699499, 8.025536, 1.828095,
269, -1.229805, 0.698270, 12.792991, -2.557746,
270, -0.697039, -1.230502, 5.699036, 1.007208,
271, -1.231199, 0.695809, 12.031585, -2.884233,
272, -1.231894, 0.694577, 5.753267, -0.522942,
273, 1.232588, -0.693345, 12.789097, 3.064971,
274, -1.233281, 0.692112, 8.038546, -1.326437,
275, 1.233972, -0.690878, 12.719286, 0.582565,
276, 0.689644, 1.234662, 14.419802, 2.424425,
277, -0.688409, -1.235351, 4.056252, -1.263408,
278, -0.687173, -1.236039, 11.475424, 2.605895,
279, -0.685937, -1.236726, 16.023869, -1.299783,
280, 1.237411, -0.684700, 7.998453, 0.278277,
281, 0.683462, 1.238095, 4.059341, -2.838050,
282, -0.682224, -1.238778, 12.109558, 0.267840,
283, -1.239460, 0.680984, 20.069380, 2.483975,
284, -0.679745, -1.240140, 12.530869, -2.545173,
285, 0.678504, 1.240819, 12.700665, 1.523715,
286, -0.677263, -1.241497, 11.318873, -2.077930,
287, 1.242174, -0.676021, 63.997265, 0.271502,
288, -1.242849, 0.674779, 11.262732, 2.639507,
289, -1.243523, 0.673536, 12.678176, -0.969130,
290, -0.672292, -1.244196, 12.705385, 3.095791,
291, 0.671047, 1.244868, 19.917721, -1.945176,
292, 1.245538, -0.669802, 11.953629, 0.272845,
293, 0.668556, 1.246207, 4.009061, -2.879534,
294, -1.246875, 0.667310, 8.003106, 0.261266,
295, -1.247542, 0.666062, 15.976123, 1.849806,
296, 0.664814, 1.248207, 11.378118, -2.077625,
297, 1.248872, -0.663566, 4.012271, 1.840834,
298, 0.662317, 1.249535, 14.281975, -1.883494,
299, 1.250196, -0.661067, 12.658925, -0.036158,
300, 1.250857, -0.659816, 8.025534, 1.860120,
301, -1.251516, 0.658565, 12.792992, -2.525705,
302, -0.657313, -1.252174, 5.699037, 1.039248,
303, -1.252831, 0.656061, 12.031584, -2.852269,
304, -1.253486, 0.654808, 5.753266, -0.490916,
305, 1.254140, -0.653554, 12.789094, 3.096951,
306, -1.254793, 0.652299, 8.038548, -1.294412,
307, 1.255445, -0.651044, 12.719281, 0.614606,
308, 0.649788, 1.256095, 14.419804, 2.456451,
309, -0.648532, -1.256744, 4.056256, -1.231387,
310, -0.647275, -1.257392, 11.475429, 2.637859,
311, -0.646017, -1.258039, 16.023869, -1.267803,
312, 1.258684, -0.644759, 7.998451, 0.310257,
313, 0.643500, 1.259328, 4.059342, -2.806029,
314, -0.642240, -1.259971, 12.109562, 0.299820,
315, -1.260613, 0.640980, 20.069384, 2.515939,
316, -0.639719, -1.261253, 12.530870, -2.513193,
317, 0.638457, 1.261892, 12.700665, 1.555695,
318, -0.637195, -1.262530, 11.318872, -2.045966,
319, 1.263167, -0.635932, 63.997272, 0.303482,
320, -1.263802, 0.634669, 11.262731, 2.671487,
321, -1.264436, 0.633405, 12.678175, -0.937165,
322, -0.632140, -1.265069, 12.705382, 3.127816,
323, 0.630875, 1.265700, 19.917717, -1.913196,
324, 1.266330, -0.629609, 11.953627, 0.304825,
325, 0.628342, 1.266960, 4.009059, -2.847569,
326, -1.267587, 0.627075, 8.003105, 0.293291,
327, -1.268214, 0.625807, 15.976122, 1.881785,
328, 0.624538, 1.268839, 11.378116, -2.045661,
329, 1.269463, -0.623269, 4.012273, 1.872813,
330, 0.621999, 1.270085, 14.281980, -1.851514,
331, 1.270707, -0.620729, 12.658924, -0.004133,
332, 1.271327, -0.619458, 8.025534, 1.892100,
333, -1.271946, 0.618186, 12.792991, -2.493741,
334, -0.616914, -1.272563, 5.699037, 1.071213,
335, -1.273180, 0.615641, 12.031585, -2.820228,
336, -1.273795, 0.614368, 5.753268, -0.458936,
337, 1.274408, -0.613094, 12.789097, 3.128976,
338, -1.275021, 0.611819, 8.038547, -1.262432,
339, 1.275632, -0.610543, 12.719282, 0.646570,
340, 0.609268, 1.276242, 14.419801, 2.488431,
341, -0.607991, -1.276850, 4.056255, -1.199408,
342, -0.606714, -1.277458, 11.475426, 2.669900,
343, -0.605436, -1.278064, 16.023869, -1.235782,
344, 1.278669, -0.604158, 7.998452, 0.342277,
345, 0.602879, 1.279272, 4.059340, -2.774049,
346, -0.601599, -1.279874, 12.109559, 0.331841,
347, -1.280475, 0.600319, 20.069380, 2.547981,
348, -0.599038, -1.281075, 12.530869, -2.481169,
349, 0.597757, 1.281673, 12.700667, 1.587729,
350, -0.596475, -1.282271, 11.318876, -2.013925,
351, 1.282866, -0.595192, 63.997265, 0.335503,
352, -1.283461, 0.593909, 11.262731, 2.703513,
353, -1.284054, 0.592625, 12.678173, -0.905124,
354, -0.591341, -1.284646, 12.705381, -3.123379,
355, 0.590056, 1.285237, 19.917725, -1.881175,
356, 1.285826, -0.588771, 11.953629, 0.336845,
357, 0.587484, 1.286414, 4.009058, -2.815550,
358, -1.287001, 0.586198, 8.003104, 0.325249,
359, -1.287587, 0.584910, 15.976124, 1.913806,
360, 0.583623, 1.288171, 11.378118, -2.013620,
361, 1.288754, -0.582334, 4.012272, 1.904834,
362, 0.581045, 1.289336, 14.281980, -1.819489,
363, 1.289916, -0.579755, 12.658923, 0.027858,
364, 1.290495, -0.578465, 8.025536, 1.924119,
365, -1.291073, 0.577174, 12.792987, -2.461700,
366, -0.575883, -1.291650, 5.699036, 1.103254,
367, -1.292225, 0.574591, 12.031589, -2.788270,
368, -1.292799, 0.573299, 5.753267, -0.426910,
369, 1.293371, -0.572006, 12.789094, -3.122219,
370, -1.293943, 0.570712, 8.038547, -1.230411,
371, 1.294513, -0.569418, 12.719283, 0.678611,
372, 0.568123, 1.295082, 14.419805, 2.520456,
373, -0.566828, -1.295649, 4.056255, -1.167382,
374, -0.565532, -1.296215, 11.475426, 2.701865,
375, -0.564235, -1.296780, 16.023869, -1.203802,
376, 1.297344, -0.562938, 7.998452, 0.374257,
377, 0.561640, 1.297906, 4.059341, -2.742024,
378, -0.560342, -1.298467, 12.109560, 0.363821,
379, -1.299027, 0.559043, 20.069386, 2.579957,
380, -0.557744, -1.299585, 12.530869, -2.449205,
381, 0.556444, 1.300142, 12.700668, 1.619709,
382, -0.555144, -1.300698, 11.318876, -1.981962,
383, 1.301252, -0.553843, 63.997272, 0.367483,
384, -1.301806, 0.552541, 11.262733, 2.735493,
385, -1.302358, 0.551239, 12.678176, -0.873159,
386, -0.549937, -1.302908, 12.705382, -3.091398,
387, 0.548633, 1.303457, 19.917721, -1.849195,
388, 1.304005, -0.547330, 11.953627, 0.368825,
389, 0.546025, 1.304552, 4.009058, -2.783570,
390, -1.305097, 0.544721, 8.003106, 0.357290,
391, -1.305642, 0.543415, 15.976123, 1.945786,
392, 0.542109, 1.306184, 11.378118, -1.981657,
393, 1.306726, -0.540803, 4.012273, 1.936814,
394, 0.539496, 1.307266, 14.281976, -1.787509,
395, 1.307805, -0.538188, 12.658920, 0.059838,
396, 1.308342, -0.536880, 8.025534, 1.956084,
397, -1.308879, 0.535572, 12.792991, -2.429735,
398, -0.534263, -1.309413, 5.699034, 1.135219,
399, -1.309947, 0.532953, 12.031585, -2.756244,
400, -1.310479, 0.531643, 5.753265, -0.394931,
401, 1.311010, -0.530332, 12.789091, -3.090239,
402, -1.311540, 0.529021, 8.038547, -1.198431,
403, 1.312068, -0.527709, 12.719283, 0.710576,
404, 0.526397, 1.312595, 14.419801, 2.552436,
405, -0.525084, -1.313121, 4.056254, -1.135402,
406, -0.523770, -1.313646, 11.475424, 2.733845,
407, -0.522456, -1.314169, 16.023869, -1.171776,
408, 1.314690, -0.521142, 7.998453, 0.406283,
409, 0.519827, 1.315211, 4.059342, -2.710044,
410, -0.518511, -1.315730, 12.109560, 0.395846,
411, -1.316248, 0.517196, 20.069384, 2.611937,
412, -0.515879, -1.316765, 12.530870, -2.417164,
413, 0.514562, 1.317280, 12.700665, 1.651746,
414, -0.513244, -1.317794, 11.318873, -1.949936,
415, 1.318306, -0.511926, 63.997272, 0.399508,
416, -1.318817, 0.510608, 11.262732, 2.767518,
417, -1.319327, 0.509289, 12.678174, -0.841179,
418, -0.507969, -1.319836, 12.705382, -3.059361,
419, 0.506649, 1.320343, 19.917717, -1.817170,
420, 1.320849, -0.505328, 11.953630, 0.400851,
421, 0.504007, 1.321354, 4.009058, -2.751545,
422, -1.321857, 0.502686, 8.003105, 0.389255,
423, -1.322359, 0.501364, 15.976123, 1.977812,
424, 0.500041, 1.322860, 11.378119, -1.949631,
425, 1.323359, -0.498718, 4.012272, 1.968840,
426, 0.497394, 1.323858, 14.281980, -1.755483,
427, 1.324354, -0.496070, 12.658924, 0.091875,
428, 1.324850, -0.494746, 8.025535, 1.988124,
429, -1.325344, 0.493421, 12.792990, -2.397755,
430, -0.492095, -1.325837, 5.699036, 1.167260,
431, -1.326328, 0.490769, 12.031584, -2.724264,
432, -1.326818, 0.489442, 5.753264, -0.362905,
433, 1.327307, -0.488115, 12.789094, -3.058201,
434, -1.327794, 0.486788, 8.038546, -1.166405,
435, 1.328280, -0.485460, 12.719285, 0.742556,
436, 0.484131, 1.328765, 14.419801, 2.584413,
437, -0.482802, -1.329249, 4.056254, -1.103376,
438, -0.481473, -1.329731, 11.475427, 2.765870,
439, -0.480143, -1.330212, 16.023870, -1.139797,
440, 1.330691, -0.478812, 7.998453, 0.438263,
441, 0.477481, 1.331169, 4.059342, -2.678018,
442, -0.476150, -1.331646, 12.109559, 0.427826,
443, -1.332122, 0.474818, 20.069384, 2.643963,
444, -0.473486, -1.332596, 12.530868, -2.385199,
445, 0.472153, 1.333068, 12.700665, 1.683726,
446, -0.470819, -1.333540, 11.318875, -1.917957,
447, 1.334010, -0.469486, 63.997265, 0.431488,
448, -1.334479, 0.468151, 11.262729, 2.799498,
449, -1.334947, 0.466817, 12.678173, -0.809154,
450, -0.465482, -1.335413, 12.705384, -3.027381,
451, 0.464146, 1.335877, 19.917725, -1.785190,
452, 1.336341, -0.462810, 11.953628, 0.432831,
453, 0.461473, 1.336803, 4.009057, -2.719565,
454, -1.337264, 0.460136, 8.003104, 0.421295,
455, -1.337723, 0.458799, 15.976123, 2.009792,
456, 0.457461, 1.338181, 11.378118, -1.917651,
457, 1.338638, -0.456122, 4.012271, 2.000819,
458, 0.454783, 1.339094, 14.281980, -1.723503,
459, 1.339548, -0.453444, 12.658929, 0.123855,
460, 1.340001, -0.452104, 8.025537, 2.020089,
461, -1.340452, 0.450764, 12.792990, -2.365730,
462, -0.449423, -1.340902, 5.699037, 1.199225,
463, -1.341351, 0.448082, 12.031587, -2.692239,
464, -1.341798, 0.446741, 5.753266, -0.330925,
465, 1.342244, -0.445399, 12.789098, -3.026221,
466, -1.342689, 0.444056, 8.038546, -1.134426,
467, 1.343132, -0.442713, 12.719281, 0.774582,
468, 0.441370, 1.343575, 14.419801, 2.616454,
469, -0.440026, -1.344015, 4.056253, -1.071396,
470, -0.438682, -1.344455, 11.475426, 2.797850,
471, -0.437337, -1.344893, 16.023870, -1.107771,
472, 1.345329, -0.435992, 7.998452, 0.470289,
473, 0.434647, 1.345765, 4.059341, -2.646038,
474, -0.433301, -1.346199, 12.109560, 0.459791,
475, -1.346631, 0.431954, 20.069380, 2.675943,
476, -0.430607, -1.347062, 12.530869, -2.353190,
477, 0.429260, 1.347492, 12.700667, 1.715752,
478, -0.427912, -1.347921, 11.318875, -1.885936,
479, 1.348348, -0.426564, 63.997276, 0.463514,
480, -1.348774, 0.425216, 11.262732, 2.831519,
481, -1.349199, 0.423867, 12.678176, -0.777145,
482, -0.422517, -1.349622, 12.705384, -2.995355,
483, 0.421168, 1.350044, 19.917717, -1.753164,
484, 1.350464, -0.419817, 11.953630, 0.464857,
485, 0.418467, 1.350883, 4.009059, -2.687539,
486, -1.351301, 0.417116, 8.003106, 0.453260,
487, -1.351718, 0.415764, 15.976124, 2.041756,
488, 0.414412, 1.352133, 11.378118, -1.885630,
489, 1.352546, -0.413060, 4.012272, 2.032845,
490, 0.411707, 1.352959, 14.281978, -1.691477,
491, 1.353370, -0.410354, 12.658923, 0.155880,
492, 1.353779, -0.409000, 8.025536, 2.052130,
493, -1.354188, 0.407646, 12.792992, -2.333720,
494, -0.406292, -1.354595, 5.699037, 1.231204,
495, -1.355000, 0.404937, 12.031585, -2.660259,
496, -1.355405, 0.403582, 5.753267, -0.298904,
497, 1.355808, -0.402226, 12.789095, -2.994196,
498, -1.356209, 0.400870, 8.038549, -1.102399,
499, 1.356609, -0.399514, 12.719282, 0.806590,
500, 0.398157, 1.357008, 14.419801, 2.648418,
501, -0.396800, -1.357406, 4.056253, -1.039370,
502, -0.395442, -1.357802, 11.475427, 2.829871,
503, -0.394084, -1.358196, 16.023867, -1.075791,
504, 1.358590, -0.392726, 7.998451, 0.502269,
505, 0.391367, 1.358982, 4.059339, -2.614012,
506, -0.390008, -1.359373, 12.109559, 0.491832,
507, -1.359762, 0.388648, 20.069384, 2.707968,
508, -0.387288, -1.360150, 12.530872, -2.321165,
509, 0.385928, 1.360536, 12.700667, 1.747732,
510, -0.384567, -1.360922, 11.318875, -1.853956,
511, 1.361306, -0.383206, 63.997257, 0.495494,
512, -1.361688, 0.381845, 11.262731, 2.863499,
513, -1.362069, 0.380483, 12.678171, -0.745181,
514, -0.379120, -1.362449, 12.705382, -2.963375,
515, 0.377758, 1.362828, 19.917723, -1.721184,
516, 1.363205, -0.376395, 11.953630, 0.496837,
517, 0.375031, 1.363580, 4.009059, -2.655559,
518, -1.363955, 0.373668, 8.003106, 0.485240,
519, -1.364328, 0.372304, 15.976123, 2.073797,
520, 0.370939, 1.364699, 11.378119, -1.853651,
521, 1.365070, -0.369574, 4.012273, 2.064825,
522, 0.368209, 1.365438, 14.281978, -1.659498,
523, 1.365806, -0.366843, 12.658924, 0.187860,
524, 1.366172, -0.365477, 8.025537, 2.084095,
525, -1.366537, 0.364111, 12.792992, -2.301756,
526, -0.362744, -1.366900, 5.699036, 1.263225,
527, -1.367262, 0.361377, 12.031587, -2.628233,
528, -1.367623, 0.360010, 5.753267, -0.266924,
529, 1.367983, -0.358642, 12.789095, -2.962216,
530, -1.368340, 0.357274, 8.038547, -1.070420,
531, 1.368697, -0.355905, 12.719282, 0.838555,
532, 0.354536, 1.369052, 14.419800, 2.680459,
533, -0.353167, -1.369406, 4.056254, -1.007391,
534, -0.351798, -1.369759, 11.475427, 2.861851,
535, -0.350428, -1.370110, 16.023869, -1.043765,
536, 1.370459, -0.349057, 7.998451, 0.534233,
537, 0.347687, 1.370808, 4.059340, -2.582032,
538, -0.346316, -1.371155, 12.109559, 0.523796,
539, -1.371500, 0.344944, 20.069387, 2.739949,
540, -0.343573, -1.371845, 12.530869, -2.289185,
541, 0.342201, 1.372188, 12.700665, 1.779697,
542, -0.340828, -1.372529, 11.318872, -1.821930,
543, 1.372869, -0.339456, 63.997272, 0.527520,
544, -1.373208, 0.338083, 11.262728, 2.895524,
545, -1.373545, 0.336709, 12.678174, -0.713140,
546, -0.335335, -1.373881, 12.705384, -2.931350,
547, 0.333961, 1.374216, 19.917723, -1.689158,
548, 1.374549, -0.332587, 11.953628, 0.528862,
549, 0.331212, 1.374881, 4.009058, -2.623533,
550, -1.375212, 0.329837, 8.003106, 0.517266,
551, -1.375541, 0.328462, 15.976123, 2.105762,
552, 0.327086, 1.375869, 11.378118, -1.821625,
553, 1.376195, -0.325710, 4.012271, 2.096851,
554, 0.324334, 1.376520, 14.281977, -1.627460,
555, 1.376844, -0.322957, 12.658923, 0.219886,
556, 1.377166, -0.321580, 8.025536, 2.116136,
557, -1.377487, 0.320203, 12.792993, -2.269715,
558, -0.318825, -1.377806, 5.699037, 1.295205,
559, -1.378125, 0.317447, 12.031583, -2.596253,
560, -1.378441, 0.316069, 5.753267, -0.234899,
561, 1.378757, -0.314690, 12.789094, -2.930190,
562, -1.379071, 0.313311, 8.038548, -1.038455,
563, 1.379383, -0.311932, 12.719281, 0.870596,
564, 0.310553, 1.379695, 14.419800, 2.712424,
565, -0.309173, -1.380004, 4.056256, -0.975353,
566, -0.307793, -1.380313, 11.475424, 2.893876,
567, -0.306412, -1.380620, 16.023870, -1.011785,
568, 1.380926, -0.305031, 7.998453, 0.566274,
569, 0.303650, 1.381230, 4.059341, -2.549995,
570, -0.302269, -1.381533, 12.109560, 0.555837,
571, -1.381835, 0.300887, 20.069384, 2.771974,
572, -0.299505, -1.382135, 12.530870, -2.257159,
573, 0.298123, 1.382434, 12.700669, 1.811737,
574, -0.296740, -1.382731, 11.318873, -1.789950,
575, 1.383027, -0.295358, 63.997272, 0.559499,
576, -1.383322, 0.293974, 11.262731, 2.927504,
577, -1.383615, 0.292591, 12.678176, -0.681175,
578, -0.291207, -1.383907, 12.705383, -2.899369,
579, 0.289823, 1.384197, 19.917721, -1.657178,
580, 1.384487, -0.288439, 11.953627, 0.560842,
581, 0.287054, 1.384774, 4.009057, -2.591553,
582, -1.385061, 0.285669, 8.003105, 0.549246,
583, -1.385346, 0.284284, 15.976122, 2.137798,
584, 0.282898, 1.385629, 11.378119, -1.789645,
585, 1.385911, -0.281513, 4.012273, 2.128831,
586, 0.280127, 1.386192, 14.281981, -1.595481,
587, 1.386472, -0.278740, 12.658925, 0.251866,
588, 1.386750, -0.277354, 8.025537, 2.148113,
589, -1.387026, 0.275967, 12.792993, -2.237750,
590, -0.274580, -1.387302, 5.699037, 1.327231,
591, -1.387576, 0.273192, 12.031584, -2.564276,
592, -1.387848, 0.271805, 5.753268, -0.202919,
593, 1.388119, -0.270417, 12.789097, -2.898210,
594, -1.388389, 0.269028, 8.038547, -1.006414,
595, 1.388657, -0.267640, 12.719281, 0.902561,
596, 0.266251, 1.388924, 14.419802, 2.744404,
597, -0.264862, -1.389190, 4.056256, -0.943373,
598, -0.263473, -1.389454, 11.475424, 2.925856,
599, -0.262083, -1.389717, 16.023870, -0.979809,
600, 1.389978, -0.260693, 7.998451, 0.598249,
601, 0.259303, 1.390238, 4.059341, -2.518015,
602, -0.257913, -1.390497, 12.109560, 0.587814,
603, -1.390754, 0.256522, 20.069384, 2.803954,
604, -0.255131, -1.391010, 12.530869, -2.225179,
605, 0.253740, 1.391264, 12.700665, 1.843702,
606, -0.252349, -1.391517, 11.318875, -1.757924,
607, 1.391769, -0.250957, 63.997276, 0.591476,
608, -1.392019, 0.249565, 11.262731, 2.959469,
609, -1.392268, 0.248173, 12.678176, -0.649134,
610, -0.246781, -1.392515, 12.705379, -2.867405,
611, 0.245388, 1.392762, 19.917717, -1.625141,
612, 1.393006, -0.243995, 11.953628, 0.592880,
613, 0.242602, 1.393250, 4.009058, -2.559516,
614, -1.393492, 0.241209, 8.003106, 0.581283,
615, -1.393732, 0.239815, 15.976124, 2.169778,
616, 0.238421, 1.393971, 11.378117, -1.757619,
617, 1.394209, -0.237027, 4.012273, 2.160807,
618, 0.235633, 1.394445, 14.281976, -1.563490,
619, 1.394680, -0.234238, 12.658926, 0.283892,
620, 1.394914, -0.232843, 8.025536, 2.180093,
621, -1.395146, 0.231448, 12.792992, -2.205709,
622, -0.230053, -1.395377, 5.699036, 1.359211,
623, -1.395606, 0.228658, 12.031586, -2.532235,
624, -1.395834, 0.227262, 5.753265, -0.170893,
625, 1.396060, -0.225866, 12.789099, -2.866246,
626, -1.396286, 0.224470, 8.038547, -0.974438,
627, 1.396509, -0.223073, 12.719281, 0.934602,
628, 0.221677, 1.396732, 14.419801, 2.776429,
629, -0.220280, -1.396953, 4.056255, -0.911409,
630, -0.218883, -1.397172, 11.475428, 2.957882,
631, -0.217485, -1.397390, 16.023870, -0.947768,
632, 1.397607, -0.216088, 7.998453, 0.630274,
633, 0.214690, 1.397823, 4.059340, -2.486050,
634, -0.213292, -1.398037, 12.109558, 0.619794,
635, -1.398249, 0.211894, 20.069380, 2.835974,
636, -0.210496, -1.398460, 12.530869, -2.193215,
637, 0.209097, 1.398670, 12.700669, 1.875743,
638, -0.207698, -1.398879, 11.318876, -1.725944,
639, 1.399086, -0.206299, 63.997261, 0.623517,
640, -1.399291, 0.204900, 11.262731, 2.991510,
641, -1.399495, 0.203501, 12.678176, -0.617169,
642, -0.202101, -1.399698, 12.705385, -2.835364,
643, 0.200702, 1.399900, 19.917721, -1.593161,
644, 1.400100, -0.199302, 11.953630, 0.624860,
645, 0.197901, 1.400298, 4.009058, -2.527536,
646, -1.400495, 0.196501, 8.003103, 0.613263,
647, -1.400691, 0.195100, 15.976122, 2.201803,
648, 0.193700, 1.400886, 11.378119, -1.725639,
649, 1.401079, -0.192299, 4.012273, 2.192848,
650, 0.190897, 1.401270, 14.281978, -1.531464,
651, 1.401460, -0.189496, 12.658926, 0.315872,
652, 1.401649, -0.188094, 8.025535, 2.212118,
653, -1.401837, 0.186693, 12.792992, -2.173745,
654, -0.185291, -1.402023, 5.699035, 1.391237,
655, -1.402207, 0.183889, 12.031587, -2.500271,
656, -1.402390, 0.182486, 5.753266, -0.138913,
657, 1.402572, -0.181084, 12.789098, -2.834204,
658, -1.402753, 0.179681, 8.038548, -0.942397,
659, 1.402931, -0.178278, 12.719283, 0.966566,
660, 0.176875, 1.403109, 14.419800, 2.808409,
661, -0.175472, -1.403285, 4.056253, -0.879385,
662, -0.174069, -1.403460, 11.475424, 2.989862,
663, -0.172665, -1.403633, 16.023870, -0.915803,
664, 1.403805, -0.171262, 7.998453, 0.662254,
665, 0.169858, 1.403976, 4.059341, -2.454009,
666, -0.168454, -1.404145, 12.109558, 0.651819,
667, -1.404313, 0.167049, 20.069386, 2.867954,
668, -0.165645, -1.404479, 12.530869, -2.161174,
669, 0.164240, 1.404644, 12.700665, 1.907703,
670, -0.162836, -1.404808, 11.318873, -1.693980,
671, 1.404970, -0.161431, 63.997272, 0.655481,
672, -1.405131, 0.160026, 11.262732, 3.023474,
673, -1.405290, 0.158621, 12.678175, -0.585128,
674, -0.157215, -1.405448, 12.705384, -2.803405,
675, 0.155810, 1.405604, 19.917715, -1.561170,
676, 1.405759, -0.154404, 11.953626, 0.656824,
677, 0.152998, 1.405913, 4.009057, -2.495572,
678, -1.406065, 0.151592, 8.003104, 0.645288,
679, -1.406216, 0.150186, 15.976124, 2.233783,
680, 0.148780, 1.406366, 11.378119, -1.693614,
681, 1.406514, -0.147373, 4.012272, 2.224813,
682, 0.145967, 1.406660, 14.281977, -1.499484,
683, 1.406806, -0.144560, 12.658926, 0.347893,
684, 1.406950, -0.143153, 8.025537, 2.244098,
685, -1.407092, 0.141746, 12.792991, -2.141704,
686, -0.140339, -1.407233, 5.699037, 1.423216,
687, -1.407373, 0.138932, 12.031586, -2.468230,
688, -1.407511, 0.137524, 5.753266, -0.106951,
689, 1.407648, -0.136117, 12.789093, -2.802245,
690, -1.407783, 0.134709, 8.038546, -0.910434,
691, 1.407917, -0.133301, 12.719282, 0.998607,
692, 0.131893, 1.408050, 14.419801, 2.840430,
693, -0.130485, -1.408181, 4.056253, -0.847405,
694, -0.129077, -1.408311, 11.475424, 3.021888,
695, -0.127668, -1.408439, 16.023869, -0.883762,
696, 1.408566, -0.126260, 7.998451, 0.694280,
697, 0.124851, 1.408692, 4.059341, -2.422045,
698, -0.123442, -1.408816, 12.109561, 0.683799,
699, -1.408939, 0.122033, 20.069384, 2.899980,
700, -0.120624, -1.409060, 12.530869, -2.129197,
701, 0.119215, 1.409180, 12.700667, 1.939744,
702, -0.117806, -1.409298, 11.318875, -1.661939,
703, 1.409415, -0.116397, 63.997280, 0.687522,
704, -1.409531, 0.114987, 11.262727, 3.055516,
705, -1.409645, 0.113578, 12.678176, -0.553152,
706, -0.112168, -1.409758, 12.705381, -2.771363,
707, 0.110758, 1.409870, 19.917723, -1.529145,
708, 1.409980, -0.109348, 11.953627, 0.688865,
709, 0.107938, 1.410088, 4.009059, -2.463531,
710, -1.410196, 0.106528, 8.003106, 0.677268,
711, -1.410301, 0.105118, 15.976123, 2.265809,
712, 0.103707, 1.410406, 11.378118, -1.661634,
713, 1.410509, -0.102297, 4.012271, 2.256854,
714, 0.100886, 1.410610, 14.281981, -1.467508,
715, 1.410711, -0.099476, 12.658926, 0.379873,
716, 1.410809, -0.098065, 8.025536, 2.276124,
717, -1.410907, 0.096654, 12.792991, -2.109727,
718, -0.095243, -1.411003, 5.699037, 1.455242,
719, -1.411097, 0.093832, 12.031584, -2.436265,
720, -1.411190, 0.092421, 5.753267, -0.074913,
721, 1.411282, -0.091010, 12.789097, -2.770204,
722, -1.411372, 0.089598, 8.038548, -0.878408,
723, 1.411461, -0.088187, 12.719283, 1.030584,
724, 0.086776, 1.411549, 14.419804, 2.872410,
725, -0.085364, -1.411635, 4.056252, -0.815380,
726, -0.083952, -1.411720, 11.475426, 3.053868,
727, -0.082541, -1.411803, 16.023869, -0.851797,
728, 1.411885, -0.081129, 7.998453, 0.726260,
729, 0.079717, 1.411965, 4.059340, -2.390003,
730, -0.078305, -1.412044, 12.109561, 0.715825,
731, -1.412122, 0.076893, 20.069386, 2.931960,
732, -0.075481, -1.412198, 12.530869, -2.097156,
733, 0.074068, 1.412273, 12.700668, 1.971708,
734, -0.072656, -1.412346, 11.318873, -1.629963,
735, 1.412418, -0.071244, 63.997272, 0.719487,
736, -1.412488, 0.069831, 11.262733, 3.087492,
737, -1.412558, 0.068419, 12.678176, -0.521172,
738, -0.067006, -1.412625, 12.705383, -2.739399,
739, 0.065593, 1.412692, 19.917727, -1.497165,
740, 1.412756, -0.064181, 11.953627, 0.720830,
741, 0.062768, 1.412820, 4.009059, -2.431566,
742, -1.412882, 0.061355, 8.003106, 0.709294,
743, -1.412943, 0.059942, 15.976122, 2.297789,
744, 0.058529, 1.413002, 11.378120, -1.629658,
745, 1.413060, -0.057116, 4.012272, 2.288819,
746, 0.055703, 1.413116, 14.281981, -1.435467,
747, 1.413171, -0.054290, 12.658926, 0.411835,
748, 1.413225, -0.052877, 8.025534, 2.308104,
749, -1.413277, 0.051463, 12.792988, -2.077747,
750, -0.050050, -1.413328, 5.699036, 1.487222,
751, -1.413377, 0.048637, 12.031584, -2.404224,
752, -1.413425, 0.047223, 5.753266, -0.042933,
753, 1.413471, -0.045810, 12.789095, -2.738240,
754, -1.413517, 0.044396, 8.038548, -0.846429,
755, 1.413560, -0.042983, 12.719282, 1.062564,
756, 0.041569, 1.413602, 14.419805, 2.904435,
757, -0.040156, -1.413643, 4.056255, -0.783371,
758, -0.038742, -1.413683, 11.475428, 3.085844,
759, -0.037328, -1.413721, 16.023869, -0.819757,
760, 1.413757, -0.035915, 7.998453, 0.758286,
761, 0.034501, 1.413793, 4.059340, -2.358039,
762, -0.033087, -1.413826, 12.109562, 0.747805,
763, -1.413859, 0.031673, 20.069384, 2.963925,
764, -0.030259, -1.413890, 12.530870, -2.065192,
765, 0.028845, 1.413919, 12.700668, 2.003749,
766, -0.027431, -1.413947, 11.318875, -1.597922,
767, 1.413974, -0.026017, 63.997265, 0.751528,
768, -1.414000, 0.024603, 11.262733, 3.119472,
769, -1.414023, 0.023189, 12.678176, -0.489147,
770, -0.021775, -1.414046, 12.705383, -2.707358,
771, 0.020361, 1.414067, 19.917727, -1.465189,
772, 1.414087, -0.018947, 11.953628, 0.752871,
773, 0.017533, 1.414105, 4.009059, -2.399525,
774, -1.414122, 0.016119, 8.003104, 0.741274,
775, -1.414137, 0.014705, 15.976122, 2.329814,
776, 0.013291, 1.414151, 11.378118, -1.597617,
777, 1.414164, -0.011877, 4.012271, 2.320799,
778, 0.010462, 1.414175, 14.281980, -1.403502,
779, 1.414185, -0.009048, 12.658923, 0.443861,
780, 1.414193, -0.007634, 8.025536, 2.340129,
781, -1.414200, 0.006220, 12.792988, -2.045722,
782, -0.004806, -1.414205, 5.699036, 1.519259,
783, -1.414209, 0.003392, 12.031586, -2.372260,
784, -1.414212, 0.001977, 5.753266, -0.010908,
785, 1.414213, -0.000563, 12.789095, -2.706198,
786, -1.414213, -0.000851, 8.038546, -0.814403,
787, 1.414212, 0.002265, 12.719285, 1.094589,
788, -0.003680, 1.414209, 14.419804, 2.936415,
789, 0.005094, -1.414204, 4.056255, -0.751406,
790, 0.006508, -1.414199, 11.475426, 3.117885,
791, 0.007922, -1.414191, 16.023869, -0.787792,
792, 1.414183, 0.009336, 7.998451, 0.790233,
793, -0.010751, 1.414173, 4.059340, -2.326030,
794, 0.012165, -1.414161, 12.109562, 0.779831,
795, -1.414148, -0.013579, 20.069378, 2.995966,
796, 0.014993, -1.414134, 12.530872, -2.033211,
797, -0.016407, 1.414118, 12.700667, 2.035714,
798, 0.017821, -1.414101, 11.318873, -1.565931,
799, 1.414083, 0.019235, 63.997276, 0.783493,
800, -1.414063, -0.020649, 11.262733, -3.131662,
801, -1.414041, -0.022063, 12.678176, -0.457167,
802, 0.023477, -1.414019, 12.705382, -2.675393,
803, -0.024891, 1.413994, 19.917721, -1.433148,
804, 1.413969, 0.026305, 11.953629, 0.784833,
805, -0.027719, 1.413942, 4.009059, -2.367561,
806, -1.413913, -0.029133, 8.003103, 0.773300,
807, -1.413884, -0.030547, 15.976123, 2.361762,
808, -0.031961, 1.413852, 11.378120, -1.565626,
809, 1.413820, 0.033375, 4.012270, 2.352824,
810, -0.034789, 1.413786, 14.281977, -1.371462,
811, 1.413750, 0.036203, 12.658924, 0.475841,
812, 1.413713, 0.037616, 8.025535, 2.372077,
813, -1.413675, -0.039030, 12.792990, -2.013742,
814, 0.040444, -1.413635, 5.699036, 1.551239,
815, -1.413594, -0.041857, 12.031583, -2.340251,
816, -1.413551, -0.043271, 5.753265, 0.021083,
817, 1.413507, 0.044684, 12.789094, -2.674234,
818, -1.413462, -0.046098, 8.038547, -0.782455,
819, 1.413415, 0.047511, 12.719283, 1.126569,
820, -0.048925, 1.413367, 14.419802, 2.968441,
821, 0.050338, -1.413317, 4.056255, -0.719365,
822, 0.051751, -1.413266, 11.475423, -3.133310,
823, 0.053164, -1.413214, 16.023870, -0.755783,
824, 1.413160, 0.054578, 7.998453, 0.822259,
825, -0.055991, 1.413105, 4.059342, -2.294005,
826, 0.057404, -1.413048, 12.109558, 0.811839,
827, -1.412990, -0.058817, 20.069384, 3.027930,
828, 0.060230, -1.412930, 12.530869, -2.001186,
829, -0.061643, 1.412869, 12.700667, 2.067694,
830, 0.063056, -1.412807, 11.318872, -1.533966,
831, 1.412743, 0.064468, 63.997276, 0.815502,
832, -1.412678, -0.065881, 11.262733, -3.099697,
833, -1.412612, -0.067294, 12.678175, -0.425141,
834, 0.068706, -1.412544, 12.705384, -2.643352,
835, -0.070119, 1.412474, 19.917723, -1.401183,
836, 1.412403, 0.071531, 11.953626, 0.816844,
837, -0.072944, 1.412331, 4.009059, -2.335552,
838, -1.412257, -0.074356, 8.003106, 0.805248,
839, -1.412182, -0.075768, 15.976123, 2.393788,
840, -0.077180, 1.412106, 11.378119, -1.533661,
841, 1.412028, 0.078592, 4.012272, 2.384833,
842, -0.080004, 1.411949, 14.281980, -1.339496,
843, 1.411868, 0.081416, 12.658924, 0.507867,
844, 1.411786, 0.082828, 8.025536, 2.404102,
845, -1.411702, -0.084240, 12.792991, -1.981718,
846, 0.085651, -1.411617, 5.699037, 1.583230,
847, -1.411531, -0.087063, 12.031587, -2.308226,
848, -1.411443, -0.088475, 5.753266, 0.053063,
849, 1.411354, 0.089886, 12.789098, -2.642193,
850, -1.411264, -0.091297, 8.038547, -0.750430,
851, 1.411172, 0.092708, 12.719282, 1.158595,
852, -0.094120, 1.411078, 14.419802, 3.000421,
853, 0.095531, -1.410983, 4.056255, -0.687400,
854, 0.096942, -1.410887, 11.475426, -3.101284,
855, 0.098352, -1.410789, 16.023869, -0.723758,
856, 1.410690, 0.099763, 7.998454, 0.854239,
857, -0.101174, 1.410590, 4.059341, -2.262025,
858, 0.102584, -1.410488, 12.109560, 0.843804,
859, -1.410385, -0.103995, 20.069387, 3.059971,
860, 0.105405, -1.410280, 12.530870, -1.969206,
861, -0.106815, 1.410174, 12.700667, 2.099719,
862, 0.108225, -1.410066, 11.318871, -1.501926,
863, 1.409958, 0.109635, 63.997265, 0.847527,
864, -1.409847, -0.111045, 11.262729, -3.067717,
865, -1.409735, -0.112455, 12.678176, -0.393161,
866, 0.113865, -1.409622, 12.705379, -2.611388,
867, -0.115274, 1.409508, 19.917725, -1.369159,
868, 1.409392, 0.116684, 11.953626, 0.848868,
869, -0.118093, 1.409274, 4.009058, -2.303526,
870, -1.409155, -0.119502, 8.003103, 0.837273,
871, -1.409035, -0.120911, 15.976124, 2.425768,
872, -0.122320, 1.408914, 11.378117, -1.501620,
873, 1.408791, 0.123729, 4.012272, 2.416797,
874, -0.125138, 1.408666, 14.281980, -1.307517,
875, 1.408540, 0.126547, 12.658926, 0.539846,
876, 1.408413, 0.127955, 8.025536, 2.436082,
877, -1.408284, -0.129363, 12.792988, -1.949753,
878, 0.130772, -1.408154, 5.699036, 1.615256,
879, -1.408023, -0.132180, 12.031586, -2.276246,
880, -1.407890, -0.133588, 5.753268, 0.085100,
881, 1.407756, 0.134996, 12.789097, -2.610228,
882, -1.407620, -0.136403, 8.038545, -0.718450,
883, 1.407483, 0.137811, 12.719283, 1.190575,
884, -0.139218, 1.407344, 14.419802, 3.032447,
885, 0.140625, -1.407205, 4.056255, -0.655359,
886, 0.142033, -1.407063, 11.475428, -3.069304,
887, 0.143440, -1.406920, 16.023869, -0.691778,
888, 1.406776, 0.144846, 7.998453, 0.886265,
889, -0.146253, 1.406631, 4.059340, -2.230001,
890, 0.147660, -1.406484, 12.109559, 0.875845,
891, -1.406335, -0.149066, 20.069384, 3.091948,
892, 0.150472, -1.406186, 12.530869, -1.937180,
893, -0.151879, 1.406034, 12.700664, 2.131699,
894, 0.153284, -1.405882, 11.318875, -1.469949,
895, 1.405728, 0.154690, 63.997276, 0.879507,
896, -1.405573, -0.156096, 11.262729, -3.035680,
897, -1.405416, -0.157501, 12.678173, -0.361135,
898, 0.158907, -1.405257, 12.705387, -2.579408,
899, -0.160312, 1.405098, 19.917721, -1.337180,
900, 1.404937, 0.161717, 11.953627, 0.880833,
901, -0.163122, 1.404774, 4.009058, -2.271546,
902, -1.404611, -0.164526, 8.003106, 0.869253,
903, -1.404445, -0.165931, 15.976123, 2.457793,
904, -0.167335, 1.404279, 11.378118, -1.469644,
905, 1.404111, 0.168740, 4.012271, 2.448838,
906, -0.170144, 1.403941, 14.281981, -1.275493,
907, 1.403770, 0.171547, 12.658924, 0.571884,
908, 1.403598, 0.172951, 8.025534, 2.468108,
909, -1.403425, -0.174355, 12.792987, -1.917712,
910, 0.175758, -1.403250, 5.699036, 1.647236,
911, -1.403073, -0.177161, 12.031585, -2.244281,
912, -1.402895, -0.178564, 5.753268, 0.117080,
913, 1.402716, 0.179967, 12.789094, -2.578187,
914, -1.402535, -0.181370, 8.038548, -0.686424,
915, 1.402353, 0.182772, 12.719286, 1.222598,
916, -0.184174, 1.402170, 14.419801, 3.064427,
917, 0.185576, -1.401985, 4.056254, -0.623395,
918, 0.186978, -1.401798, 11.475428, -3.037328,
919, 0.188380, -1.401611, 16.023870, -0.659815,
920, 1.401422, 0.189781, 7.998454, 0.918245,
921, -0.191183, 1.401231, 4.059341, -2.198036,
922, 0.192584, -1.401039, 12.109560, 0.907810,
923, -1.400846, -0.193985, 20.069378, 3.123928,
924, 0.195386, -1.400651, 12.530869, -1.905200,
925, -0.196786, 1.400455, 12.700668, 2.163737,
926, 0.198187, -1.400258, 11.318875, -1.437970,
927, 1.400059, 0.199587, 63.997272, 0.911470,
928, -1.399859, -0.200987, 11.262733, -3.003700,
929, -1.399657, -0.202386, 12.678176, -0.329155,
930, 0.203786, -1.399454, 12.705385, -2.547370,
931, -0.205185, 1.399249, 19.917721, -1.305154,
932, 1.399044, 0.206584, 11.953628, 0.912874,
933, -0.207983, 1.398836, 4.009056, -2.239520,
934, -1.398628, -0.209382, 8.003105, 0.901279,
935, -1.398417, -0.210781, 15.976123, 2.489774,
936, -0.212179, 1.398206, 11.378119, -1.437664,
937, 1.397993, 0.213577, 4.012272, 2.480803,
938, -0.214975, 1.397779, 14.281977, -1.243472,
939, 1.397563, 0.216373, 12.658921, 0.603864,
940, 1.397346, 0.217770, 8.025537, 2.500088,
941, -1.397128, -0.219167, 12.792990, -1.885753,
942, 0.220564, -1.396908, 5.699036, 1.679209,
943, -1.396687, -0.221961, 12.031585, -2.212240,
944, -1.396464, -0.223358, 5.753267, 0.149106,
945, 1.396240, 0.224754, 12.789098, -2.546211,
946, -1.396014, -0.226150, 8.038546, -0.654444,
947, 1.395787, 0.227546, 12.719282, 1.254558,
948, -0.228942, 1.395559, 14.419802, 3.096401,
949, 0.230337, -1.395330, 4.056254, -0.591354,
950, 0.231732, -1.395099, 11.475423, -3.005286,
951, 0.233127, -1.394866, 16.023870, -0.627789,
952, 1.394632, 0.234522, 7.998454, 0.950270,
953, -0.235917, 1.394397, 4.059340, -2.165995,
954, 0.237311, -1.394161, 12.109559, 0.939790,
955, -1.393922, -0.238705, 20.069384, -3.127206,
956, 0.240099, -1.393683, 12.530872, -1.873180,
957, -0.241492, 1.393442, 12.700665, 2.195717,
958, 0.242886, -1.393200, 11.318875, -1.405944,
959, 1.392956, 0.244279, 63.997272, 0.943496,
960, -1.392712, -0.245672, 11.262731, -2.971674,
961, -1.392465, -0.247064, 12.678173, -0.297134,
962, 0.248457, -1.392217, 12.705382, -2.515390,
963, -0.249849, 1.391968, 19.917717, -1.273174,
964, 1.391718, 0.251240, 11.953630, 0.944838,
965, -0.252632, 1.391466, 4.009058, -2.207540,
966, -1.391212, -0.254023, 8.003103, 0.933259,
967, -1.390958, -0.255414, 15.976125, 2.521799,
968, -0.256805, 1.390702, 11.378118, -1.405639,
969, 1.390444, 0.258196, 4.012272, 2.512844,
970, -0.259586, 1.390185, 14.281977, -1.211492,
971, 1.389925, 0.260976, 12.658921, 0.635889,
972, 1.389663, 0.262366, 8.025535, 2.532113,
973, -1.389400, -0.263756, 12.792991, -1.853712,
974, 0.265145, -1.389136, 5.699037, 1.711235,
975, -1.388870, -0.266534, 12.031584, -2.180276,
976, -1.388603, -0.267923, 5.753265, 0.181086,
977, 1.388334, 0.269311, 12.789095, -2.514230,
978, -1.388064, -0.270699, 8.038547, -0.622418,
979, 1.387793, 0.272087, 12.719281, 1.286599,
980, -0.273475, 1.387520, 14.419802, 3.128427,
981, 0.274862, -1.387246, 4.056255, -0.559377,
982, 0.276249, -1.386970, 11.475424, -2.973322,
983, 0.277636, -1.386693, 16.023869, -0.595809,
984, 1.386415, 0.279023, 7.998452, 0.982250,
985, -0.280409, 1.386135, 4.059341, -2.134019,
986, 0.281795, -1.385854, 12.109562, 0.971815,
987, -1.385572, -0.283181, 20.069380, -3.095244,
988, 0.284566, -1.385288, 12.530870, -1.841200,
989, -0.285951, 1.385002, 12.700665, 2.227742,
990, 0.287336, -1.384716, 11.318872, -1.373964,
991, 1.384428, 0.288721, 63.997272, 0.975475,
992, -1.384138, -0.290105, 11.262731, -2.939711,
993, -1.383848, -0.291489, 12.678175, -0.265154,
994, 0.292873, -1.383555, 12.705384, -2.483365,
995, -0.294256, 1.383262, 19.917715, -1.241153,
996, 1.382967, 0.295639, 11.953628, 0.976879,
997, -0.297022, 1.382671, 4.009058, -2.175515,
998, -1.382373, -0.298405, 8.003105, 0.965285,
999, -1.382074, -0.299787, 15.976123, 2.553779,
1000, -0.301169, 1.381773, 11.378120, -1.373659,
1001, 1.381471, 0.302550, 4.012274, 2.544807,
1002, -0.303932, 1.381168, 14.281977, -1.179467,
1003, 1.380864, 0.305313, 12.658921, 0.667869,
1004, 1.380558, 0.306693, 8.025537, 2.564093,
1005, -1.380250, -0.308074, 12.792988, -1.821747,
1006, 0.309454, -1.379941, 5.699036, 1.743215,
1007, -1.379631, -0.310834, 12.031587, -2.148235,
1008, -1.379320, -0.312213, 5.753266, 0.213051,
1009, 1.379007, 0.313592, 12.789095, -2.482205,
1010, -1.378693, -0.314971, 8.038548, -0.590438,
1011, 1.378377, 0.316350, 12.719278, 1.318564,
1012, -0.317728, 1.378060, 14.419802, -3.122768,
1013, 0.319106, -1.377741, 4.056256, -0.527397,
1014, 0.320483, -1.377422, 11.475426, -2.941281,
1015, 0.321861, -1.377100, 16.023870, -0.563772,
1016, 1.376778, 0.323238, 7.998452, 1.014288,
1017, -0.324614, 1.376454, 4.059341, -2.102039,
1018, 0.325990, -1.376129, 12.109560, 1.003795,
1019, -1.375802, -0.327366, 20.069386, -3.063206,
1020, 0.328742, -1.375474, 12.530869, -1.809174,
1021, -0.330117, 1.375145, 12.700668, 2.259722,
1022, 0.331492, -1.374814, 11.318873, -1.341938,
1023, 1.374482, 0.332867, 63.997272, 1.007513,
----------------------------------------------
   RMSE(R)           RMSE(Theta)
0.000038774243876 0.196349546313286
----------------------------------------------
ERR: [SIM 100] 'csim_design' failed: nonzero return value.
INFO: [SIM 3] *************** CSIM finish ***************
