INFO: [SIM 2] *************** CSIM start ***************
INFO: [SIM 4] CSIM will launch GCC as the compiler.
   Compiling C:/Users/znxnt/Desktop/fir_1/fir11/fir_test.cpp in debug mode
   Compiling C:/Users/znxnt/Desktop/fir_1/fir11/fir.cpp in debug mode
   Generating csim.exe
0 100 5300
1 -2 -106
2 -100 -14400
3 13 871
4 97 45541
5 -36 46283
6 -86 -14385
7 66 -39783
8 59 7414
9 -93 30548
10 -10 -6056
11 98 -21242
12 -52 8576
13 -61 12863
14 97 -8323
15 -17 -6699
16 -81 6547
17 90 3859
18 -6 -5325
19 -82 -2297
Comparing against output data 
*******************************************
PASS: The output matches the golden output!
*******************************************
INFO: [SIM 1] CSim done with 0 errors.
INFO: [SIM 3] *************** CSIM finish ***************
